0 verbose cli /opt/homebrew/Cellar/node/23.5.0/bin/node /opt/homebrew/bin/npm
1 info using npm@10.9.2
2 info using node@v23.5.0
3 silly config load:file:/opt/homebrew/lib/node_modules/npm/npmrc
4 silly config load:file:/Users/saszalysokon/dania/.npmrc
5 silly config load:file:/Users/saszalysokon/.npmrc
6 silly config load:file:/opt/homebrew/etc/npmrc
7 verbose title npm install @radix-ui/react-slot @radix-ui/react-dialog @radix-ui/react-label @radix-ui/react-select sonner next-themes
8 verbose argv "install" "@radix-ui/react-slot" "@radix-ui/react-dialog" "@radix-ui/react-label" "@radix-ui/react-select" "sonner" "next-themes"
9 verbose logfile logs-max:10 dir:/Users/saszalysokon/dania/.npm-cache/_logs/2025-10-28T17_01_04_901Z-
10 verbose logfile /Users/saszalysokon/dania/.npm-cache/_logs/2025-10-28T17_01_04_901Z-debug-0.log
11 silly logfile done cleaning log files
12 silly packumentCache heap:4345298944 maxSize:1086324736 maxEntrySize:543162368
13 silly idealTree buildDeps
14 silly fetch manifest @radix-ui/react-slot@*
15 silly packumentCache full:https://registry.npmjs.org/@radix-ui%2freact-slot cache-miss
16 http fetch GET 200 https://registry.npmjs.org/@radix-ui%2freact-slot 355ms (cache miss)
17 silly packumentCache full:https://registry.npmjs.org/@radix-ui%2freact-slot set size:undefined disposed:false
18 silly fetch manifest @types/react@^19
19 silly packumentCache full:https://registry.npmjs.org/@types%2freact cache-miss
20 http fetch GET 200 https://registry.npmjs.org/@types%2freact 288ms (cache miss)
21 silly packumentCache full:https://registry.npmjs.org/@types%2freact set size:undefined disposed:false
22 silly fetch manifest react@19.2.0
23 silly packumentCache full:https://registry.npmjs.org/react cache-miss
24 http cache https://registry.npmjs.org/react 11ms (cache hit)
25 silly packumentCache full:https://registry.npmjs.org/react set size:6204863 disposed:false
26 silly fetch manifest @radix-ui/react-dialog@*
27 silly packumentCache full:https://registry.npmjs.org/@radix-ui%2freact-dialog cache-miss
28 http fetch GET 200 https://registry.npmjs.org/@radix-ui%2freact-dialog 221ms (cache miss)
29 silly packumentCache full:https://registry.npmjs.org/@radix-ui%2freact-dialog set size:undefined disposed:false
30 silly fetch manifest @types/react-dom@^19
31 silly packumentCache full:https://registry.npmjs.org/@types%2freact-dom cache-miss
32 http fetch GET 200 https://registry.npmjs.org/@types%2freact-dom 110ms (cache miss)
33 silly packumentCache full:https://registry.npmjs.org/@types%2freact-dom set size:undefined disposed:false
34 silly fetch manifest react-dom@19.2.0
35 silly packumentCache full:https://registry.npmjs.org/react-dom cache-miss
36 http fetch GET 200 https://registry.npmjs.org/react-dom 309ms (cache miss)
37 silly packumentCache full:https://registry.npmjs.org/react-dom set size:undefined disposed:false
38 silly fetch manifest @radix-ui/react-label@*
39 silly packumentCache full:https://registry.npmjs.org/@radix-ui%2freact-label cache-miss
40 http fetch GET 200 https://registry.npmjs.org/@radix-ui%2freact-label 83ms (cache miss)
41 silly packumentCache full:https://registry.npmjs.org/@radix-ui%2freact-label set size:undefined disposed:false
42 silly fetch manifest @radix-ui/react-select@*
43 silly packumentCache full:https://registry.npmjs.org/@radix-ui%2freact-select cache-miss
44 http fetch GET 200 https://registry.npmjs.org/@radix-ui%2freact-select 343ms (cache miss)
45 silly packumentCache full:https://registry.npmjs.org/@radix-ui%2freact-select set size:undefined disposed:false
46 silly fetch manifest sonner@*
47 silly packumentCache full:https://registry.npmjs.org/sonner cache-miss
48 http fetch GET 200 https://registry.npmjs.org/sonner 116ms (cache miss)
49 silly packumentCache full:https://registry.npmjs.org/sonner set size:undefined disposed:false
50 silly fetch manifest next-themes@*
51 silly packumentCache full:https://registry.npmjs.org/next-themes cache-miss
52 http fetch GET 200 https://registry.npmjs.org/next-themes 85ms (cache miss)
53 silly packumentCache full:https://registry.npmjs.org/next-themes set size:undefined disposed:false
54 silly placeDep ROOT @radix-ui/react-dialog@1.1.15 OK for: dania@0.1.0 want: *
55 silly placeDep ROOT @radix-ui/react-label@2.1.7 OK for: dania@0.1.0 want: *
56 silly placeDep ROOT @radix-ui/react-select@2.2.6 OK for: dania@0.1.0 want: *
57 silly placeDep ROOT @radix-ui/react-slot@1.2.3 OK for: dania@0.1.0 want: *
58 silly placeDep ROOT next-themes@0.4.6 OK for: dania@0.1.0 want: *
59 silly placeDep ROOT sonner@2.0.7 OK for: dania@0.1.0 want: *
60 silly fetch manifest aria-hidden@^1.2.4
61 silly packumentCache full:https://registry.npmjs.org/aria-hidden cache-miss
62 silly fetch manifest @radix-ui/react-id@1.1.1
63 silly packumentCache full:https://registry.npmjs.org/@radix-ui%2freact-id cache-miss
64 silly fetch manifest @radix-ui/primitive@1.1.3
65 silly packumentCache full:https://registry.npmjs.org/@radix-ui%2fprimitive cache-miss
66 silly fetch manifest react-remove-scroll@^2.6.3
67 silly packumentCache full:https://registry.npmjs.org/react-remove-scroll cache-miss
68 silly fetch manifest @radix-ui/react-slot@1.2.3
69 silly packumentCache full:https://registry.npmjs.org/@radix-ui%2freact-slot cache-miss
70 silly fetch manifest @radix-ui/react-portal@1.1.9
71 silly packumentCache full:https://registry.npmjs.org/@radix-ui%2freact-portal cache-miss
72 silly fetch manifest @radix-ui/react-context@1.1.2
73 silly packumentCache full:https://registry.npmjs.org/@radix-ui%2freact-context cache-miss
74 http cache https://registry.npmjs.org/@radix-ui%2freact-slot 9ms (cache hit)
75 silly packumentCache full:https://registry.npmjs.org/@radix-ui%2freact-slot set size:370491 disposed:false
76 silly fetch manifest @radix-ui/react-presence@1.1.5
77 silly packumentCache full:https://registry.npmjs.org/@radix-ui%2freact-presence cache-miss
78 http fetch GET 200 https://registry.npmjs.org/aria-hidden 56ms (cache miss)
79 silly packumentCache full:https://registry.npmjs.org/aria-hidden set size:undefined disposed:false
80 silly fetch manifest @radix-ui/react-primitive@2.1.3
81 silly packumentCache full:https://registry.npmjs.org/@radix-ui%2freact-primitive cache-miss
82 http fetch GET 200 https://registry.npmjs.org/@radix-ui%2fprimitive 114ms (cache miss)
83 silly packumentCache full:https://registry.npmjs.org/@radix-ui%2fprimitive set size:undefined disposed:false
84 silly fetch manifest @radix-ui/react-focus-scope@1.1.7
85 silly packumentCache full:https://registry.npmjs.org/@radix-ui%2freact-focus-scope cache-miss
86 http fetch GET 200 https://registry.npmjs.org/@radix-ui%2freact-context 116ms (cache miss)
87 silly packumentCache full:https://registry.npmjs.org/@radix-ui%2freact-context set size:undefined disposed:false
88 silly fetch manifest @radix-ui/react-compose-refs@1.1.2
89 silly packumentCache full:https://registry.npmjs.org/@radix-ui%2freact-compose-refs cache-miss
90 http fetch GET 200 https://registry.npmjs.org/@radix-ui%2freact-portal 136ms (cache miss)
91 silly packumentCache full:https://registry.npmjs.org/@radix-ui%2freact-portal set size:undefined disposed:false
92 silly fetch manifest @radix-ui/react-focus-guards@1.1.3
93 silly packumentCache full:https://registry.npmjs.org/@radix-ui%2freact-focus-guards cache-miss
94 http fetch GET 200 https://registry.npmjs.org/react-remove-scroll 143ms (cache miss)
95 silly packumentCache full:https://registry.npmjs.org/react-remove-scroll set size:undefined disposed:false
96 silly fetch manifest @radix-ui/react-dismissable-layer@1.1.11
97 silly packumentCache full:https://registry.npmjs.org/@radix-ui%2freact-dismissable-layer cache-miss
98 http fetch GET 200 https://registry.npmjs.org/@radix-ui%2freact-id 147ms (cache miss)
99 silly packumentCache full:https://registry.npmjs.org/@radix-ui%2freact-id set size:undefined disposed:false
100 silly fetch manifest @radix-ui/react-use-controllable-state@1.2.2
101 silly packumentCache full:https://registry.npmjs.org/@radix-ui%2freact-use-controllable-state cache-miss
102 http fetch GET 200 https://registry.npmjs.org/@radix-ui%2freact-presence 176ms (cache miss)
103 silly packumentCache full:https://registry.npmjs.org/@radix-ui%2freact-presence set size:undefined disposed:false
104 silly fetch manifest @radix-ui/react-primitive@2.1.3
105 silly packumentCache full:https://registry.npmjs.org/@radix-ui%2freact-primitive cache-miss
106 http fetch GET 200 https://registry.npmjs.org/@radix-ui%2freact-focus-guards 81ms (cache miss)
107 silly packumentCache full:https://registry.npmjs.org/@radix-ui%2freact-focus-guards set size:undefined disposed:false
108 silly fetch manifest @radix-ui/number@1.1.1
109 silly packumentCache full:https://registry.npmjs.org/@radix-ui%2fnumber cache-miss
110 http fetch GET 200 https://registry.npmjs.org/@radix-ui%2freact-primitive 187ms (cache miss)
111 silly packumentCache full:https://registry.npmjs.org/@radix-ui%2freact-primitive set size:undefined disposed:false
112 silly fetch manifest @radix-ui/react-popper@1.2.8
113 silly packumentCache full:https://registry.npmjs.org/@radix-ui%2freact-popper cache-miss
114 http fetch GET 200 https://registry.npmjs.org/@radix-ui%2freact-compose-refs 148ms (cache miss)
115 silly packumentCache full:https://registry.npmjs.org/@radix-ui%2freact-compose-refs set size:undefined disposed:false
116 silly fetch manifest @radix-ui/react-direction@1.1.1
117 silly packumentCache full:https://registry.npmjs.org/@radix-ui%2freact-direction cache-miss
118 http fetch GET 200 https://registry.npmjs.org/@radix-ui%2freact-primitive 87ms (cache miss)
119 silly packumentCache full:https://registry.npmjs.org/@radix-ui%2freact-primitive set size:undefined disposed:false
120 silly fetch manifest @radix-ui/react-collection@1.1.7
121 silly packumentCache full:https://registry.npmjs.org/@radix-ui%2freact-collection cache-miss
122 http fetch GET 200 https://registry.npmjs.org/@radix-ui%2freact-use-controllable-state 132ms (cache miss)
123 silly packumentCache full:https://registry.npmjs.org/@radix-ui%2freact-use-controllable-state set size:undefined disposed:false
124 silly fetch manifest @radix-ui/react-focus-scope@1.1.7
125 silly packumentCache full:https://registry.npmjs.org/@radix-ui%2freact-focus-scope cache-miss
126 http fetch GET 200 https://registry.npmjs.org/@radix-ui%2freact-focus-scope 179ms (cache miss)
127 silly packumentCache full:https://registry.npmjs.org/@radix-ui%2freact-focus-scope set size:undefined disposed:false
128 silly fetch manifest @radix-ui/react-use-previous@1.1.1
129 silly packumentCache full:https://registry.npmjs.org/@radix-ui%2freact-use-previous cache-miss
130 http fetch GET 200 https://registry.npmjs.org/@radix-ui%2freact-dismissable-layer 162ms (cache miss)
131 silly packumentCache full:https://registry.npmjs.org/@radix-ui%2freact-dismissable-layer set size:undefined disposed:false
132 silly fetch manifest @radix-ui/react-visually-hidden@1.2.3
133 silly packumentCache full:https://registry.npmjs.org/@radix-ui%2freact-visually-hidden cache-miss
134 http fetch GET 200 https://registry.npmjs.org/@radix-ui%2freact-direction 56ms (cache miss)
135 silly packumentCache full:https://registry.npmjs.org/@radix-ui%2freact-direction set size:undefined disposed:false
136 silly fetch manifest @radix-ui/react-use-callback-ref@1.1.1
137 silly packumentCache full:https://registry.npmjs.org/@radix-ui%2freact-use-callback-ref cache-miss
138 http fetch GET 200 https://registry.npmjs.org/@radix-ui%2freact-focus-scope 79ms (cache miss)
139 silly packumentCache full:https://registry.npmjs.org/@radix-ui%2freact-focus-scope set size:undefined disposed:false
140 silly fetch manifest @radix-ui/react-use-layout-effect@1.1.1
141 silly packumentCache full:https://registry.npmjs.org/@radix-ui%2freact-use-layout-effect cache-miss
142 http fetch GET 200 https://registry.npmjs.org/@radix-ui%2fnumber 142ms (cache miss)
143 silly packumentCache full:https://registry.npmjs.org/@radix-ui%2fnumber set size:undefined disposed:false
144 http fetch GET 200 https://registry.npmjs.org/@radix-ui%2freact-use-callback-ref 56ms (cache miss)
145 silly packumentCache full:https://registry.npmjs.org/@radix-ui%2freact-use-callback-ref set size:undefined disposed:false
146 http fetch GET 200 https://registry.npmjs.org/@radix-ui%2freact-collection 122ms (cache miss)
147 silly packumentCache full:https://registry.npmjs.org/@radix-ui%2freact-collection set size:undefined disposed:false
148 http fetch GET 200 https://registry.npmjs.org/@radix-ui%2freact-use-previous 112ms (cache miss)
149 silly packumentCache full:https://registry.npmjs.org/@radix-ui%2freact-use-previous set size:undefined disposed:false
150 http fetch GET 200 https://registry.npmjs.org/@radix-ui%2freact-use-layout-effect 108ms (cache miss)
151 silly packumentCache full:https://registry.npmjs.org/@radix-ui%2freact-use-layout-effect set size:undefined disposed:false
152 http fetch GET 200 https://registry.npmjs.org/@radix-ui%2freact-visually-hidden 243ms (cache miss)
153 silly packumentCache full:https://registry.npmjs.org/@radix-ui%2freact-visually-hidden set size:undefined disposed:false
154 http fetch GET 200 https://registry.npmjs.org/@radix-ui%2freact-popper 336ms (cache miss)
155 silly packumentCache full:https://registry.npmjs.org/@radix-ui%2freact-popper set size:undefined disposed:false
156 silly fetch manifest @types/react@*
157 silly packumentCache full:https://registry.npmjs.org/@types%2freact cache-miss
158 http cache https://registry.npmjs.org/@types%2freact 5ms (cache hit)
159 silly packumentCache full:https://registry.npmjs.org/@types%2freact set size:2504314 disposed:false
160 silly fetch manifest react@^16.8 || ^17.0 || ^18.0 || ^19.0 || ^19.0.0-rc
161 silly packumentCache full:https://registry.npmjs.org/react cache-miss
162 http cache https://registry.npmjs.org/react 8ms (cache hit)
163 silly packumentCache full:https://registry.npmjs.org/react set size:6204863 disposed:false
164 silly fetch manifest @types/react-dom@*
165 silly packumentCache full:https://registry.npmjs.org/@types%2freact-dom cache-miss
166 http cache https://registry.npmjs.org/@types%2freact-dom 10ms (cache hit)
167 silly packumentCache full:https://registry.npmjs.org/@types%2freact-dom set size:426214 disposed:false
168 silly fetch manifest react-dom@^16.8 || ^17.0 || ^18.0 || ^19.0 || ^19.0.0-rc
169 silly packumentCache full:https://registry.npmjs.org/react-dom cache-miss
170 http cache https://registry.npmjs.org/react-dom 8ms (cache hit)
171 silly packumentCache full:https://registry.npmjs.org/react-dom set size:8104668 disposed:false
172 silly placeDep ROOT @radix-ui/primitive@1.1.3 OK for: @radix-ui/react-dialog@1.1.15 want: 1.1.3
173 silly placeDep ROOT @radix-ui/react-compose-refs@1.1.2 OK for: @radix-ui/react-dialog@1.1.15 want: 1.1.2
174 silly placeDep ROOT @radix-ui/react-context@1.1.2 OK for: @radix-ui/react-dialog@1.1.15 want: 1.1.2
175 silly placeDep ROOT @radix-ui/react-dismissable-layer@1.1.11 OK for: @radix-ui/react-dialog@1.1.15 want: 1.1.11
176 silly placeDep ROOT @radix-ui/react-focus-guards@1.1.3 OK for: @radix-ui/react-dialog@1.1.15 want: 1.1.3
177 silly placeDep ROOT @radix-ui/react-focus-scope@1.1.7 OK for: @radix-ui/react-dialog@1.1.15 want: 1.1.7
178 silly placeDep ROOT @radix-ui/react-id@1.1.1 OK for: @radix-ui/react-dialog@1.1.15 want: 1.1.1
179 silly placeDep ROOT @radix-ui/react-portal@1.1.9 OK for: @radix-ui/react-dialog@1.1.15 want: 1.1.9
180 silly placeDep ROOT @radix-ui/react-presence@1.1.5 OK for: @radix-ui/react-dialog@1.1.15 want: 1.1.5
181 silly placeDep ROOT @radix-ui/react-primitive@2.1.3 OK for: @radix-ui/react-dialog@1.1.15 want: 2.1.3
182 silly placeDep ROOT @radix-ui/react-use-controllable-state@1.2.2 OK for: @radix-ui/react-dialog@1.1.15 want: 1.2.2
183 silly placeDep ROOT aria-hidden@1.2.6 OK for: @radix-ui/react-dialog@1.1.15 want: ^1.2.4
184 silly placeDep ROOT react-remove-scroll@2.7.1 OK for: @radix-ui/react-dialog@1.1.15 want: ^2.6.3
185 silly fetch manifest @radix-ui/react-use-escape-keydown@1.1.1
186 silly packumentCache full:https://registry.npmjs.org/@radix-ui%2freact-use-escape-keydown cache-miss
187 silly fetch manifest @radix-ui/react-use-effect-event@0.0.2
188 silly packumentCache full:https://registry.npmjs.org/@radix-ui%2freact-use-effect-event cache-miss
189 silly fetch manifest react-remove-scroll-bar@^2.3.7
190 silly packumentCache full:https://registry.npmjs.org/react-remove-scroll-bar cache-miss
191 silly fetch manifest react-style-singleton@^2.2.3
192 silly packumentCache full:https://registry.npmjs.org/react-style-singleton cache-miss
193 silly fetch manifest use-callback-ref@^1.3.3
194 silly packumentCache full:https://registry.npmjs.org/use-callback-ref cache-miss
195 silly fetch manifest use-sidecar@^1.1.3
196 silly packumentCache full:https://registry.npmjs.org/use-sidecar cache-miss
197 http fetch GET 200 https://registry.npmjs.org/use-callback-ref 46ms (cache miss)
198 silly packumentCache full:https://registry.npmjs.org/use-callback-ref set size:undefined disposed:false
199 http fetch GET 200 https://registry.npmjs.org/react-remove-scroll-bar 46ms (cache miss)
200 silly packumentCache full:https://registry.npmjs.org/react-remove-scroll-bar set size:undefined disposed:false
201 http fetch GET 200 https://registry.npmjs.org/@radix-ui%2freact-use-effect-event 51ms (cache miss)
202 silly packumentCache full:https://registry.npmjs.org/@radix-ui%2freact-use-effect-event set size:undefined disposed:false
203 http fetch GET 200 https://registry.npmjs.org/react-style-singleton 61ms (cache miss)
204 silly packumentCache full:https://registry.npmjs.org/react-style-singleton set size:undefined disposed:false
205 http fetch GET 200 https://registry.npmjs.org/use-sidecar 73ms (cache miss)
206 silly packumentCache full:https://registry.npmjs.org/use-sidecar set size:undefined disposed:false
207 http fetch GET 200 https://registry.npmjs.org/@radix-ui%2freact-use-escape-keydown 78ms (cache miss)
208 silly packumentCache full:https://registry.npmjs.org/@radix-ui%2freact-use-escape-keydown set size:undefined disposed:false
209 silly placeDep ROOT @radix-ui/react-use-callback-ref@1.1.1 OK for: @radix-ui/react-dismissable-layer@1.1.11 want: 1.1.1
210 silly placeDep ROOT @radix-ui/react-use-escape-keydown@1.1.1 OK for: @radix-ui/react-dismissable-layer@1.1.11 want: 1.1.1
211 silly placeDep ROOT @radix-ui/react-use-layout-effect@1.1.1 OK for: @radix-ui/react-id@1.1.1 want: 1.1.1
212 silly placeDep ROOT @radix-ui/number@1.1.1 OK for: @radix-ui/react-select@2.2.6 want: 1.1.1
213 silly placeDep ROOT @radix-ui/react-collection@1.1.7 OK for: @radix-ui/react-select@2.2.6 want: 1.1.7
214 silly placeDep ROOT @radix-ui/react-direction@1.1.1 OK for: @radix-ui/react-select@2.2.6 want: 1.1.1
215 silly placeDep ROOT @radix-ui/react-popper@1.2.8 OK for: @radix-ui/react-select@2.2.6 want: 1.2.8
216 silly placeDep ROOT @radix-ui/react-use-previous@1.1.1 OK for: @radix-ui/react-select@2.2.6 want: 1.1.1
217 silly placeDep ROOT @radix-ui/react-visually-hidden@1.2.3 OK for: @radix-ui/react-select@2.2.6 want: 1.2.3
218 silly fetch manifest @radix-ui/rect@1.1.1
219 silly packumentCache full:https://registry.npmjs.org/@radix-ui%2frect cache-miss
220 silly fetch manifest @radix-ui/react-arrow@1.1.7
221 silly packumentCache full:https://registry.npmjs.org/@radix-ui%2freact-arrow cache-miss
222 silly fetch manifest @floating-ui/react-dom@^2.0.0
223 silly packumentCache full:https://registry.npmjs.org/@floating-ui%2freact-dom cache-miss
224 silly fetch manifest @radix-ui/react-use-rect@1.1.1
225 silly packumentCache full:https://registry.npmjs.org/@radix-ui%2freact-use-rect cache-miss
226 silly fetch manifest @radix-ui/react-use-size@1.1.1
227 silly packumentCache full:https://registry.npmjs.org/@radix-ui%2freact-use-size cache-miss
228 http fetch GET 200 https://registry.npmjs.org/@radix-ui%2freact-use-rect 57ms (cache miss)
229 silly packumentCache full:https://registry.npmjs.org/@radix-ui%2freact-use-rect set size:undefined disposed:false
230 http fetch GET 200 https://registry.npmjs.org/@floating-ui%2freact-dom 65ms (cache miss)
231 silly packumentCache full:https://registry.npmjs.org/@floating-ui%2freact-dom set size:undefined disposed:false
232 http fetch GET 200 https://registry.npmjs.org/@radix-ui%2freact-arrow 105ms (cache miss)
233 silly packumentCache full:https://registry.npmjs.org/@radix-ui%2freact-arrow set size:undefined disposed:false
234 http fetch GET 200 https://registry.npmjs.org/@radix-ui%2freact-use-size 115ms (cache miss)
235 silly packumentCache full:https://registry.npmjs.org/@radix-ui%2freact-use-size set size:undefined disposed:false
236 http fetch GET 200 https://registry.npmjs.org/@radix-ui%2frect 166ms (cache miss)
237 silly packumentCache full:https://registry.npmjs.org/@radix-ui%2frect set size:undefined disposed:false
238 silly placeDep ROOT @floating-ui/react-dom@2.1.6 OK for: @radix-ui/react-popper@1.2.8 want: ^2.0.0
239 silly placeDep ROOT @radix-ui/react-arrow@1.1.7 OK for: @radix-ui/react-popper@1.2.8 want: 1.1.7
240 silly placeDep ROOT @radix-ui/react-use-rect@1.1.1 OK for: @radix-ui/react-popper@1.2.8 want: 1.1.1
241 silly placeDep ROOT @radix-ui/react-use-size@1.1.1 OK for: @radix-ui/react-popper@1.2.8 want: 1.1.1
242 silly placeDep ROOT @radix-ui/rect@1.1.1 OK for: @radix-ui/react-popper@1.2.8 want: 1.1.1
243 silly fetch manifest @floating-ui/dom@^1.7.4
244 silly packumentCache full:https://registry.npmjs.org/@floating-ui%2fdom cache-miss
245 http fetch GET 200 https://registry.npmjs.org/@floating-ui%2fdom 162ms (cache miss)
246 silly packumentCache full:https://registry.npmjs.org/@floating-ui%2fdom set size:undefined disposed:false
247 silly placeDep ROOT @floating-ui/dom@1.7.4 OK for: @floating-ui/react-dom@2.1.6 want: ^1.7.4
248 silly fetch manifest @floating-ui/core@^1.7.3
249 silly packumentCache full:https://registry.npmjs.org/@floating-ui%2fcore cache-miss
250 silly fetch manifest @floating-ui/utils@^0.2.10
251 silly packumentCache full:https://registry.npmjs.org/@floating-ui%2futils cache-miss
252 http fetch GET 200 https://registry.npmjs.org/@floating-ui%2futils 62ms (cache miss)
253 silly packumentCache full:https://registry.npmjs.org/@floating-ui%2futils set size:undefined disposed:false
254 http fetch GET 200 https://registry.npmjs.org/@floating-ui%2fcore 92ms (cache miss)
255 silly packumentCache full:https://registry.npmjs.org/@floating-ui%2fcore set size:undefined disposed:false
256 silly placeDep ROOT @floating-ui/core@1.7.3 OK for: @floating-ui/dom@1.7.4 want: ^1.7.3
257 silly placeDep ROOT @floating-ui/utils@0.2.10 OK for: @floating-ui/dom@1.7.4 want: ^0.2.10
258 silly placeDep ROOT @radix-ui/react-use-effect-event@0.0.2 OK for: @radix-ui/react-use-controllable-state@1.2.2 want: 0.0.2
259 silly fetch manifest react@^16.8.0 || ^17.0.0 || ^18.0.0 || ^19.0.0 || ^19.0.0-rc
260 silly packumentCache full:https://registry.npmjs.org/react cache-miss
261 http cache https://registry.npmjs.org/react 10ms (cache hit)
262 silly packumentCache full:https://registry.npmjs.org/react set size:6204863 disposed:false
263 silly placeDep ROOT react-remove-scroll-bar@2.3.8 OK for: react-remove-scroll@2.7.1 want: ^2.3.7
264 silly placeDep ROOT react-style-singleton@2.2.3 OK for: react-remove-scroll@2.7.1 want: ^2.2.3
265 silly placeDep ROOT use-callback-ref@1.3.3 OK for: react-remove-scroll@2.7.1 want: ^1.3.3
266 silly placeDep ROOT use-sidecar@1.1.3 OK for: react-remove-scroll@2.7.1 want: ^1.1.3
267 silly fetch manifest react-style-singleton@^2.2.2
268 silly packumentCache full:https://registry.npmjs.org/react-style-singleton cache-miss
269 silly fetch manifest get-nonce@^1.0.0
270 silly packumentCache full:https://registry.npmjs.org/get-nonce cache-miss
271 silly fetch manifest detect-node-es@^1.1.0
272 silly packumentCache full:https://registry.npmjs.org/detect-node-es cache-miss
273 http cache https://registry.npmjs.org/react-style-singleton 4ms (cache hit)
274 silly packumentCache full:https://registry.npmjs.org/react-style-singleton set size:33682 disposed:false
275 http fetch GET 200 https://registry.npmjs.org/detect-node-es 40ms (cache miss)
276 silly packumentCache full:https://registry.npmjs.org/detect-node-es set size:undefined disposed:false
277 http fetch GET 200 https://registry.npmjs.org/get-nonce 95ms (cache miss)
278 silly packumentCache full:https://registry.npmjs.org/get-nonce set size:undefined disposed:false
279 silly placeDep ROOT get-nonce@1.0.1 OK for: react-style-singleton@2.2.3 want: ^1.0.0
280 silly placeDep ROOT detect-node-es@1.1.0 OK for: use-sidecar@1.1.3 want: ^1.1.0
281 silly reify moves {}
282 verbose reify failed optional dependency /Users/saszalysokon/dania/node_modules/@tailwindcss/oxide-wasm32-wasi
283 silly reify mark deleted [
283 silly reify   '/Users/saszalysokon/dania/node_modules/@tailwindcss/oxide-wasm32-wasi'
283 silly reify ]
284 silly audit bulk request {
284 silly audit   '@alloc/quick-lru': [ '5.2.0' ],
284 silly audit   '@babel/code-frame': [ '7.27.1' ],
284 silly audit   '@babel/compat-data': [ '7.28.5' ],
284 silly audit   '@babel/core': [ '7.28.5' ],
284 silly audit   '@babel/generator': [ '7.28.5' ],
284 silly audit   '@babel/helper-compilation-targets': [ '7.27.2' ],
284 silly audit   '@babel/helper-globals': [ '7.28.0' ],
284 silly audit   '@babel/helper-module-imports': [ '7.27.1' ],
284 silly audit   '@babel/helper-module-transforms': [ '7.28.3' ],
284 silly audit   '@babel/helper-string-parser': [ '7.27.1' ],
284 silly audit   '@babel/helper-validator-identifier': [ '7.28.5' ],
284 silly audit   '@babel/helper-validator-option': [ '7.27.1' ],
284 silly audit   '@babel/helpers': [ '7.28.4' ],
284 silly audit   '@babel/parser': [ '7.28.5' ],
284 silly audit   '@babel/template': [ '7.27.2' ],
284 silly audit   '@babel/traverse': [ '7.28.5' ],
284 silly audit   '@babel/types': [ '7.28.5' ],
284 silly audit   '@emnapi/core': [ '1.6.0' ],
284 silly audit   '@emnapi/runtime': [ '1.6.0' ],
284 silly audit   '@emnapi/wasi-threads': [ '1.1.0' ],
284 silly audit   '@eslint-community/eslint-utils': [ '4.9.0' ],
284 silly audit   'eslint-visitor-keys': [ '3.4.3', '4.2.1' ],
284 silly audit   '@eslint-community/regexpp': [ '4.12.2' ],
284 silly audit   '@eslint/config-array': [ '0.21.1' ],
284 silly audit   '@eslint/config-helpers': [ '0.4.1' ],
284 silly audit   '@eslint/core': [ '0.16.0' ],
284 silly audit   '@eslint/eslintrc': [ '3.3.1' ],
284 silly audit   '@eslint/js': [ '9.38.0' ],
284 silly audit   '@eslint/object-schema': [ '2.1.7' ],
284 silly audit   '@eslint/plugin-kit': [ '0.4.0' ],
284 silly audit   '@humanfs/core': [ '0.19.1' ],
284 silly audit   '@humanfs/node': [ '0.16.7' ],
284 silly audit   '@humanwhocodes/module-importer': [ '1.0.1' ],
284 silly audit   '@humanwhocodes/retry': [ '0.4.3' ],
284 silly audit   '@img/colour': [ '1.0.0' ],
284 silly audit   '@img/sharp-darwin-arm64': [ '0.34.4' ],
284 silly audit   '@img/sharp-darwin-x64': [ '0.34.4' ],
284 silly audit   '@img/sharp-libvips-darwin-arm64': [ '1.2.3' ],
284 silly audit   '@img/sharp-libvips-darwin-x64': [ '1.2.3' ],
284 silly audit   '@img/sharp-libvips-linux-arm': [ '1.2.3' ],
284 silly audit   '@img/sharp-libvips-linux-arm64': [ '1.2.3' ],
284 silly audit   '@img/sharp-libvips-linux-ppc64': [ '1.2.3' ],
284 silly audit   '@img/sharp-libvips-linux-s390x': [ '1.2.3' ],
284 silly audit   '@img/sharp-libvips-linux-x64': [ '1.2.3' ],
284 silly audit   '@img/sharp-libvips-linuxmusl-arm64': [ '1.2.3' ],
284 silly audit   '@img/sharp-libvips-linuxmusl-x64': [ '1.2.3' ],
284 silly audit   '@img/sharp-linux-arm': [ '0.34.4' ],
284 silly audit   '@img/sharp-linux-arm64': [ '0.34.4' ],
284 silly audit   '@img/sharp-linux-ppc64': [ '0.34.4' ],
284 silly audit   '@img/sharp-linux-s390x': [ '0.34.4' ],
284 silly audit   '@img/sharp-linux-x64': [ '0.34.4' ],
284 silly audit   '@img/sharp-linuxmusl-arm64': [ '0.34.4' ],
284 silly audit   '@img/sharp-linuxmusl-x64': [ '0.34.4' ],
284 silly audit   '@img/sharp-wasm32': [ '0.34.4' ],
284 silly audit   '@img/sharp-win32-arm64': [ '0.34.4' ],
284 silly audit   '@img/sharp-win32-ia32': [ '0.34.4' ],
284 silly audit   '@img/sharp-win32-x64': [ '0.34.4' ],
284 silly audit   '@jridgewell/gen-mapping': [ '0.3.13' ],
284 silly audit   '@jridgewell/remapping': [ '2.3.5' ],
284 silly audit   '@jridgewell/resolve-uri': [ '3.1.2' ],
284 silly audit   '@jridgewell/sourcemap-codec': [ '1.5.5' ],
284 silly audit   '@jridgewell/trace-mapping': [ '0.3.31' ],
284 silly audit   '@napi-rs/wasm-runtime': [ '0.2.12' ],
284 silly audit   '@next/env': [ '16.0.0' ],
284 silly audit   '@next/eslint-plugin-next': [ '16.0.0' ],
284 silly audit   '@next/swc-darwin-arm64': [ '16.0.0' ],
284 silly audit   '@next/swc-darwin-x64': [ '16.0.0' ],
284 silly audit   '@next/swc-linux-arm64-gnu': [ '16.0.0' ],
284 silly audit   '@next/swc-linux-arm64-musl': [ '16.0.0' ],
284 silly audit   '@next/swc-linux-x64-gnu': [ '16.0.0' ],
284 silly audit   '@next/swc-linux-x64-musl': [ '16.0.0' ],
284 silly audit   '@next/swc-win32-arm64-msvc': [ '16.0.0' ],
284 silly audit   '@next/swc-win32-x64-msvc': [ '16.0.0' ],
284 silly audit   '@nodelib/fs.scandir': [ '2.1.5' ],
284 silly audit   '@nodelib/fs.stat': [ '2.0.5' ],
284 silly audit   '@nodelib/fs.walk': [ '1.2.8' ],
284 silly audit   '@nolyfill/is-core-module': [ '1.0.39' ],
284 silly audit   '@rtsao/scc': [ '1.1.0' ],
284 silly audit   '@supabase/auth-js': [ '2.76.1' ],
284 silly audit   '@supabase/functions-js': [ '2.76.1' ],
284 silly audit   '@supabase/node-fetch': [ '2.6.15' ],
284 silly audit   '@supabase/postgrest-js': [ '2.76.1' ],
284 silly audit   '@supabase/realtime-js': [ '2.76.1' ],
284 silly audit   '@supabase/ssr': [ '0.7.0' ],
284 silly audit   '@supabase/storage-js': [ '2.76.1' ],
284 silly audit   '@supabase/supabase-js': [ '2.76.1' ],
284 silly audit   '@swc/helpers': [ '0.5.15' ],
284 silly audit   '@tailwindcss/node': [ '4.1.16' ],
284 silly audit   '@tailwindcss/oxide': [ '4.1.16' ],
284 silly audit   '@tailwindcss/oxide-android-arm64': [ '4.1.16' ],
284 silly audit   '@tailwindcss/oxide-darwin-arm64': [ '4.1.16' ],
284 silly audit   '@tailwindcss/oxide-darwin-x64': [ '4.1.16' ],
284 silly audit   '@tailwindcss/oxide-freebsd-x64': [ '4.1.16' ],
284 silly audit   '@tailwindcss/oxide-linux-arm-gnueabihf': [ '4.1.16' ],
284 silly audit   '@tailwindcss/oxide-linux-arm64-gnu': [ '4.1.16' ],
284 silly audit   '@tailwindcss/oxide-linux-arm64-musl': [ '4.1.16' ],
284 silly audit   '@tailwindcss/oxide-linux-x64-gnu': [ '4.1.16' ],
284 silly audit   '@tailwindcss/oxide-linux-x64-musl': [ '4.1.16' ],
284 silly audit   '@tailwindcss/oxide-win32-arm64-msvc': [ '4.1.16' ],
284 silly audit   '@tailwindcss/oxide-win32-x64-msvc': [ '4.1.16' ],
284 silly audit   '@tailwindcss/postcss': [ '4.1.16' ],
284 silly audit   '@tybys/wasm-util': [ '0.10.1' ],
284 silly audit   '@types/estree': [ '1.0.8' ],
284 silly audit   '@types/json-schema': [ '7.0.15' ],
284 silly audit   '@types/json5': [ '0.0.29' ],
284 silly audit   '@types/node': [ '20.19.23' ],
284 silly audit   '@types/phoenix': [ '1.6.6' ],
284 silly audit   '@types/react': [ '19.2.2' ],
284 silly audit   '@types/react-dom': [ '19.2.2' ],
284 silly audit   '@types/ws': [ '8.18.1' ],
284 silly audit   '@typescript-eslint/eslint-plugin': [ '8.46.2' ],
284 silly audit   ignore: [ '7.0.5', '5.3.2' ],
284 silly audit   '@typescript-eslint/parser': [ '8.46.2' ],
284 silly audit   '@typescript-eslint/project-service': [ '8.46.2' ],
284 silly audit   '@typescript-eslint/scope-manager': [ '8.46.2' ],
284 silly audit   '@typescript-eslint/tsconfig-utils': [ '8.46.2' ],
284 silly audit   '@typescript-eslint/type-utils': [ '8.46.2' ],
284 silly audit   '@typescript-eslint/types': [ '8.46.2' ],
284 silly audit   '@typescript-eslint/typescript-estree': [ '8.46.2' ],
284 silly audit   'brace-expansion': [ '2.0.2', '1.1.12' ],
284 silly audit   'fast-glob': [ '3.3.3', '3.3.1' ],
284 silly audit   'glob-parent': [ '5.1.2', '6.0.2' ],
284 silly audit   minimatch: [ '9.0.5', '3.1.2' ],
284 silly audit   semver: [ '7.7.3', '6.3.1' ],
284 silly audit   '@typescript-eslint/utils': [ '8.46.2' ],
284 silly audit   '@typescript-eslint/visitor-keys': [ '8.46.2' ],
284 silly audit   '@unrs/resolver-binding-android-arm-eabi': [ '1.11.1' ],
284 silly audit   '@unrs/resolver-binding-android-arm64': [ '1.11.1' ],
284 silly audit   '@unrs/resolver-binding-darwin-arm64': [ '1.11.1' ],
284 silly audit   '@unrs/resolver-binding-darwin-x64': [ '1.11.1' ],
284 silly audit   '@unrs/resolver-binding-freebsd-x64': [ '1.11.1' ],
284 silly audit   '@unrs/resolver-binding-linux-arm-gnueabihf': [ '1.11.1' ],
284 silly audit   '@unrs/resolver-binding-linux-arm-musleabihf': [ '1.11.1' ],
284 silly audit   '@unrs/resolver-binding-linux-arm64-gnu': [ '1.11.1' ],
284 silly audit   '@unrs/resolver-binding-linux-arm64-musl': [ '1.11.1' ],
284 silly audit   '@unrs/resolver-binding-linux-ppc64-gnu': [ '1.11.1' ],
284 silly audit   '@unrs/resolver-binding-linux-riscv64-gnu': [ '1.11.1' ],
284 silly audit   '@unrs/resolver-binding-linux-riscv64-musl': [ '1.11.1' ],
284 silly audit   '@unrs/resolver-binding-linux-s390x-gnu': [ '1.11.1' ],
284 silly audit   '@unrs/resolver-binding-linux-x64-gnu': [ '1.11.1' ],
284 silly audit   '@unrs/resolver-binding-linux-x64-musl': [ '1.11.1' ],
284 silly audit   '@unrs/resolver-binding-wasm32-wasi': [ '1.11.1' ],
284 silly audit   '@unrs/resolver-binding-win32-arm64-msvc': [ '1.11.1' ],
284 silly audit   '@unrs/resolver-binding-win32-ia32-msvc': [ '1.11.1' ],
284 silly audit   '@unrs/resolver-binding-win32-x64-msvc': [ '1.11.1' ],
284 silly audit   acorn: [ '8.15.0' ],
284 silly audit   'acorn-jsx': [ '5.3.2' ],
284 silly audit   ajv: [ '6.12.6' ],
284 silly audit   'ansi-styles': [ '4.3.0' ],
284 silly audit   argparse: [ '2.0.1' ],
284 silly audit   'aria-query': [ '5.3.2' ],
284 silly audit   'array-buffer-byte-length': [ '1.0.2' ],
284 silly audit   'array-includes': [ '3.1.9' ],
284 silly audit   'array.prototype.findlast': [ '1.2.5' ],
284 silly audit   'array.prototype.findlastindex': [ '1.2.6' ],
284 silly audit   'array.prototype.flat': [ '1.3.3' ],
284 silly audit   'array.prototype.flatmap': [ '1.3.3' ],
284 silly audit   'array.prototype.tosorted': [ '1.1.4' ],
284 silly audit   'arraybuffer.prototype.slice': [ '1.0.4' ],
284 silly audit   'ast-types-flow': [ '0.0.8' ],
284 silly audit   'async-function': [ '1.0.0' ],
284 silly audit   'available-typed-arrays': [ '1.0.7' ],
284 silly audit   'axe-core': [ '4.11.0' ],
284 silly audit   'axobject-query': [ '4.1.0' ],
284 silly audit   'balanced-match': [ '1.0.2' ],
284 silly audit   'baseline-browser-mapping': [ '2.8.20' ],
284 silly audit   braces: [ '3.0.3' ],
284 silly audit   browserslist: [ '4.27.0' ],
284 silly audit   'call-bind': [ '1.0.8' ],
284 silly audit   'call-bind-apply-helpers': [ '1.0.2' ],
284 silly audit   'call-bound': [ '1.0.4' ],
284 silly audit   callsites: [ '3.1.0' ],
284 silly audit   'caniuse-lite': [ '1.0.30001751' ],
284 silly audit   chalk: [ '4.1.2' ],
284 silly audit   'class-variance-authority': [ '0.7.1' ],
284 silly audit   'client-only': [ '0.0.1' ],
284 silly audit   clsx: [ '2.1.1' ],
284 silly audit   'color-convert': [ '2.0.1' ],
284 silly audit   'color-name': [ '1.1.4' ],
284 silly audit   'concat-map': [ '0.0.1' ],
284 silly audit   'convert-source-map': [ '2.0.0' ],
284 silly audit   cookie: [ '1.0.2' ],
284 silly audit   'cross-spawn': [ '7.0.6' ],
284 silly audit   csstype: [ '3.1.3' ],
284 silly audit   'damerau-levenshtein': [ '1.0.8' ],
284 silly audit   'data-view-buffer': [ '1.0.2' ],
284 silly audit   'data-view-byte-length': [ '1.0.2' ],
284 silly audit   'data-view-byte-offset': [ '1.0.1' ],
284 silly audit   debug: [ '4.4.3', '3.2.7' ],
284 silly audit   'deep-is': [ '0.1.4' ],
284 silly audit   'define-data-property': [ '1.1.4' ],
284 silly audit   'define-properties': [ '1.2.1' ],
284 silly audit   'detect-libc': [ '2.1.2' ],
284 silly audit   doctrine: [ '2.1.0' ],
284 silly audit   'dunder-proto': [ '1.0.1' ],
284 silly audit   'electron-to-chromium': [ '1.5.241' ],
284 silly audit   'emoji-regex': [ '9.2.2' ],
284 silly audit   'enhanced-resolve': [ '5.18.3' ],
284 silly audit   'es-abstract': [ '1.24.0' ],
284 silly audit   'es-define-property': [ '1.0.1' ],
284 silly audit   'es-errors': [ '1.3.0' ],
284 silly audit   'es-iterator-helpers': [ '1.2.1' ],
284 silly audit   'es-object-atoms': [ '1.1.1' ],
284 silly audit   'es-set-tostringtag': [ '2.1.0' ],
284 silly audit   'es-shim-unscopables': [ '1.1.0' ],
284 silly audit   'es-to-primitive': [ '1.3.0' ],
284 silly audit   escalade: [ '3.2.0' ],
284 silly audit   'escape-string-regexp': [ '4.0.0' ],
284 silly audit   eslint: [ '9.38.0' ],
284 silly audit   'eslint-config-next': [ '16.0.0' ],
284 silly audit   globals: [ '16.4.0', '14.0.0' ],
284 silly audit   'eslint-import-resolver-node': [ '0.3.9' ],
284 silly audit   'eslint-import-resolver-typescript': [ '3.10.1' ],
284 silly audit   'eslint-module-utils': [ '2.12.1' ],
284 silly audit   'eslint-plugin-import': [ '2.32.0' ],
284 silly audit   'eslint-plugin-jsx-a11y': [ '6.10.2' ],
284 silly audit   'eslint-plugin-react': [ '7.37.5' ],
284 silly audit   'eslint-plugin-react-hooks': [ '7.0.1' ],
284 silly audit   resolve: [ '2.0.0-next.5', '1.22.11' ],
284 silly audit   'eslint-scope': [ '8.4.0' ],
284 silly audit   espree: [ '10.4.0' ],
284 silly audit   esquery: [ '1.6.0' ],
284 silly audit   esrecurse: [ '4.3.0' ],
284 silly audit   estraverse: [ '5.3.0' ],
284 silly audit   esutils: [ '2.0.3' ],
284 silly audit   'fast-deep-equal': [ '3.1.3' ],
284 silly audit   'fast-json-stable-stringify': [ '2.1.0' ],
284 silly audit   'fast-levenshtein': [ '2.0.6' ],
284 silly audit   fastq: [ '1.19.1' ],
284 silly audit   'file-entry-cache': [ '8.0.0' ],
284 silly audit   'fill-range': [ '7.1.1' ],
284 silly audit   'find-up': [ '5.0.0' ],
284 silly audit   'flat-cache': [ '4.0.1' ],
284 silly audit   flatted: [ '3.3.3' ],
284 silly audit   'for-each': [ '0.3.5' ],
284 silly audit   'function-bind': [ '1.1.2' ],
284 silly audit   'function.prototype.name': [ '1.1.8' ],
284 silly audit   'functions-have-names': [ '1.2.3' ],
284 silly audit   'generator-function': [ '2.0.1' ],
284 silly audit   gensync: [ '1.0.0-beta.2' ],
284 silly audit   'get-intrinsic': [ '1.3.0' ],
284 silly audit   'get-proto': [ '1.0.1' ],
284 silly audit   'get-symbol-description': [ '1.1.0' ],
284 silly audit   'get-tsconfig': [ '4.13.0' ],
284 silly audit   globalthis: [ '1.0.4' ],
284 silly audit   gopd: [ '1.2.0' ],
284 silly audit   'graceful-fs': [ '4.2.11' ],
284 silly audit   graphemer: [ '1.4.0' ],
284 silly audit   'has-bigints': [ '1.1.0' ],
284 silly audit   'has-flag': [ '4.0.0' ],
284 silly audit   'has-property-descriptors': [ '1.0.2' ],
284 silly audit   'has-proto': [ '1.2.0' ],
284 silly audit   'has-symbols': [ '1.1.0' ],
284 silly audit   'has-tostringtag': [ '1.0.2' ],
284 silly audit   hasown: [ '2.0.2' ],
284 silly audit   'hermes-estree': [ '0.25.1' ],
284 silly audit   'hermes-parser': [ '0.25.1' ],
284 silly audit   'import-fresh': [ '3.3.1' ],
284 silly audit   imurmurhash: [ '0.1.4' ],
284 silly audit   'internal-slot': [ '1.1.0' ],
284 silly audit   'is-array-buffer': [ '3.0.5' ],
284 silly audit   'is-async-function': [ '2.1.1' ],
284 silly audit   'is-bigint': [ '1.1.0' ],
284 silly audit   'is-boolean-object': [ '1.2.2' ],
284 silly audit   'is-bun-module': [ '2.0.0' ],
284 silly audit   'is-callable': [ '1.2.7' ],
284 silly audit   'is-core-module': [ '2.16.1' ],
284 silly audit   'is-data-view': [ '1.0.2' ],
284 silly audit   'is-date-object': [ '1.1.0' ],
284 silly audit   'is-extglob': [ '2.1.1' ],
284 silly audit   'is-finalizationregistry': [ '1.1.1' ],
284 silly audit   'is-generator-function': [ '1.1.2' ],
284 silly audit   'is-glob': [ '4.0.3' ],
284 silly audit   'is-map': [ '2.0.3' ],
284 silly audit   'is-negative-zero': [ '2.0.3' ],
284 silly audit   'is-number': [ '7.0.0' ],
284 silly audit   'is-number-object': [ '1.1.1' ],
284 silly audit   'is-regex': [ '1.2.1' ],
284 silly audit   'is-set': [ '2.0.3' ],
284 silly audit   'is-shared-array-buffer': [ '1.0.4' ],
284 silly audit   'is-string': [ '1.1.1' ],
284 silly audit   'is-symbol': [ '1.1.1' ],
284 silly audit   'is-typed-array': [ '1.1.15' ],
284 silly audit   'is-weakmap': [ '2.0.2' ],
284 silly audit   'is-weakref': [ '1.1.1' ],
284 silly audit   'is-weakset': [ '2.0.4' ],
284 silly audit   isarray: [ '2.0.5' ],
284 silly audit   isexe: [ '2.0.0' ],
284 silly audit   'iterator.prototype': [ '1.1.5' ],
284 silly audit   jiti: [ '2.6.1' ],
284 silly audit   'js-tokens': [ '4.0.0' ],
284 silly audit   'js-yaml': [ '4.1.0' ],
284 silly audit   jsesc: [ '3.1.0' ],
284 silly audit   'json-buffer': [ '3.0.1' ],
284 silly audit   'json-schema-traverse': [ '0.4.1' ],
284 silly audit   'json-stable-stringify-without-jsonify': [ '1.0.1' ],
284 silly audit   json5: [ '2.2.3', '1.0.2' ],
284 silly audit   'jsx-ast-utils': [ '3.3.5' ],
284 silly audit   keyv: [ '4.5.4' ],
284 silly audit   'language-subtag-registry': [ '0.3.23' ],
284 silly audit   'language-tags': [ '1.0.9' ],
284 silly audit   levn: [ '0.4.1' ],
284 silly audit   lightningcss: [ '1.30.2' ],
284 silly audit   'lightningcss-android-arm64': [ '1.30.2' ],
284 silly audit   'lightningcss-darwin-arm64': [ '1.30.2' ],
284 silly audit   'lightningcss-darwin-x64': [ '1.30.2' ],
284 silly audit   'lightningcss-freebsd-x64': [ '1.30.2' ],
284 silly audit   'lightningcss-linux-arm-gnueabihf': [ '1.30.2' ],
284 silly audit   'lightningcss-linux-arm64-gnu': [ '1.30.2' ],
284 silly audit   'lightningcss-linux-arm64-musl': [ '1.30.2' ],
284 silly audit   'lightningcss-linux-x64-gnu': [ '1.30.2' ],
284 silly audit   'lightningcss-linux-x64-musl': [ '1.30.2' ],
284 silly audit   'lightningcss-win32-arm64-msvc': [ '1.30.2' ],
284 silly audit   'lightningcss-win32-x64-msvc': [ '1.30.2' ],
284 silly audit   'locate-path': [ '6.0.0' ],
284 silly audit   'lodash.merge': [ '4.6.2' ],
284 silly audit   'loose-envify': [ '1.4.0' ],
284 silly audit   'lru-cache': [ '5.1.1' ],
284 silly audit   'lucide-react': [ '0.548.0' ],
284 silly audit   'magic-string': [ '0.30.21' ],
284 silly audit   'math-intrinsics': [ '1.1.0' ],
284 silly audit   merge2: [ '1.4.1' ],
284 silly audit   micromatch: [ '4.0.8' ],
284 silly audit   minimist: [ '1.2.8' ],
284 silly audit   ms: [ '2.1.3' ],
284 silly audit   nanoid: [ '3.3.11' ],
284 silly audit   'napi-postinstall': [ '0.3.4' ],
284 silly audit   'natural-compare': [ '1.4.0' ],
284 silly audit   next: [ '16.0.0' ],
284 silly audit   postcss: [ '8.4.31', '8.5.6' ],
284 silly audit   'node-releases': [ '2.0.26' ],
284 silly audit   'object-assign': [ '4.1.1' ],
284 silly audit   'object-inspect': [ '1.13.4' ],
284 silly audit   'object-keys': [ '1.1.1' ],
284 silly audit   'object.assign': [ '4.1.7' ],
284 silly audit   'object.entries': [ '1.1.9' ],
284 silly audit   'object.fromentries': [ '2.0.8' ],
284 silly audit   'object.groupby': [ '1.0.3' ],
284 silly audit   'object.values': [ '1.2.1' ],
284 silly audit   optionator: [ '0.9.4' ],
284 silly audit   'own-keys': [ '1.0.1' ],
284 silly audit   'p-limit': [ '3.1.0' ],
284 silly audit   'p-locate': [ '5.0.0' ],
284 silly audit   'parent-module': [ '1.0.1' ],
284 silly audit   'path-exists': [ '4.0.0' ],
284 silly audit   'path-key': [ '3.1.1' ],
284 silly audit   'path-parse': [ '1.0.7' ],
284 silly audit   picocolors: [ '1.1.1' ],
284 silly audit   picomatch: [ '2.3.1', '4.0.3' ],
284 silly audit   'possible-typed-array-names': [ '1.1.0' ],
284 silly audit   'prelude-ls': [ '1.2.1' ],
284 silly audit   'prop-types': [ '15.8.1' ],
284 silly audit   punycode: [ '2.3.1' ],
284 silly audit   'queue-microtask': [ '1.2.3' ],
284 silly audit   react: [ '19.2.0' ],
284 silly audit   'react-dom': [ '19.2.0' ],
284 silly audit   'react-is': [ '16.13.1' ],
284 silly audit   'reflect.getprototypeof': [ '1.0.10' ],
284 silly audit   'regexp.prototype.flags': [ '1.5.4' ],
284 silly audit   'resolve-from': [ '4.0.0' ],
284 silly audit   'resolve-pkg-maps': [ '1.0.0' ],
284 silly audit   reusify: [ '1.1.0' ],
284 silly audit   'run-parallel': [ '1.2.0' ],
284 silly audit   'safe-array-concat': [ '1.1.3' ],
284 silly audit   'safe-push-apply': [ '1.0.0' ],
284 silly audit   'safe-regex-test': [ '1.1.0' ],
284 silly audit   scheduler: [ '0.27.0' ],
284 silly audit   'set-function-length': [ '1.2.2' ],
284 silly audit   'set-function-name': [ '2.0.2' ],
284 silly audit   'set-proto': [ '1.0.0' ],
284 silly audit   sharp: [ '0.34.4' ],
284 silly audit   'shebang-command': [ '2.0.0' ],
284 silly audit   'shebang-regex': [ '3.0.0' ],
284 silly audit   'side-channel': [ '1.1.0' ],
284 silly audit   'side-channel-list': [ '1.0.0' ],
284 silly audit   'side-channel-map': [ '1.0.1' ],
284 silly audit   'side-channel-weakmap': [ '1.0.2' ],
284 silly audit   'source-map-js': [ '1.2.1' ],
284 silly audit   'stable-hash': [ '0.0.5' ],
284 silly audit   'stop-iteration-iterator': [ '1.1.0' ],
284 silly audit   'string.prototype.includes': [ '2.0.1' ],
284 silly audit   'string.prototype.matchall': [ '4.0.12' ],
284 silly audit   'string.prototype.repeat': [ '1.0.0' ],
284 silly audit   'string.prototype.trim': [ '1.2.10' ],
284 silly audit   'string.prototype.trimend': [ '1.0.9' ],
284 silly audit   'string.prototype.trimstart': [ '1.0.8' ],
284 silly audit   'strip-bom': [ '3.0.0' ],
284 silly audit   'strip-json-comments': [ '3.1.1' ],
284 silly audit   'styled-jsx': [ '5.1.6' ],
284 silly audit   'supports-color': [ '7.2.0' ],
284 silly audit   'supports-preserve-symlinks-flag': [ '1.0.0' ],
284 silly audit   'tailwind-merge': [ '3.3.1' ],
284 silly audit   tailwindcss: [ '4.1.16' ],
284 silly audit   tapable: [ '2.3.0' ],
284 silly audit   tinyglobby: [ '0.2.15' ],
284 silly audit   fdir: [ '6.5.0' ],
284 silly audit   'to-regex-range': [ '5.0.1' ],
284 silly audit   tr46: [ '0.0.3' ],
284 silly audit   'ts-api-utils': [ '2.1.0' ],
284 silly audit   'tsconfig-paths': [ '3.15.0' ],
284 silly audit   tslib: [ '2.8.1' ],
284 silly audit   'tw-animate-css': [ '1.4.0' ],
284 silly audit   'type-check': [ '0.4.0' ],
284 silly audit   'typed-array-buffer': [ '1.0.3' ],
284 silly audit   'typed-array-byte-length': [ '1.0.3' ],
284 silly audit   'typed-array-byte-offset': [ '1.0.4' ],
284 silly audit   'typed-array-length': [ '1.0.7' ],
284 silly audit   typescript: [ '5.9.3' ],
284 silly audit   'typescript-eslint': [ '8.46.2' ],
284 silly audit   'unbox-primitive': [ '1.1.0' ],
284 silly audit   'undici-types': [ '6.21.0' ],
284 silly audit   'unrs-resolver': [ '1.11.1' ],
284 silly audit   'update-browserslist-db': [ '1.1.4' ],
284 silly audit   'uri-js': [ '4.4.1' ],
284 silly audit   'webidl-conversions': [ '3.0.1' ],
284 silly audit   'whatwg-url': [ '5.0.0' ],
284 silly audit   which: [ '2.0.2' ],
284 silly audit   'which-boxed-primitive': [ '1.1.1' ],
284 silly audit   'which-builtin-type': [ '1.2.1' ],
284 silly audit   'which-collection': [ '1.0.2' ],
284 silly audit   'which-typed-array': [ '1.1.19' ],
284 silly audit   'word-wrap': [ '1.2.5' ],
284 silly audit   ws: [ '8.18.3' ],
284 silly audit   yallist: [ '3.1.1' ],
284 silly audit   'yocto-queue': [ '0.1.0' ],
284 silly audit   zod: [ '4.1.12' ],
284 silly audit   'zod-validation-error': [ '4.0.2' ],
284 silly audit   '@radix-ui/react-dialog': [ '1.1.15' ],
284 silly audit   '@radix-ui/react-label': [ '2.1.7' ],
284 silly audit   '@radix-ui/react-select': [ '2.2.6' ],
284 silly audit   '@radix-ui/react-slot': [ '1.2.3' ],
284 silly audit   'next-themes': [ '0.4.6' ],
284 silly audit   sonner: [ '2.0.7' ],
284 silly audit   '@radix-ui/primitive': [ '1.1.3' ],
284 silly audit   '@radix-ui/react-compose-refs': [ '1.1.2' ],
284 silly audit   '@radix-ui/react-context': [ '1.1.2' ],
284 silly audit   '@radix-ui/react-dismissable-layer': [ '1.1.11' ],
284 silly audit   '@radix-ui/react-focus-guards': [ '1.1.3' ],
284 silly audit   '@radix-ui/react-focus-scope': [ '1.1.7' ],
284 silly audit   '@radix-ui/react-id': [ '1.1.1' ],
284 silly audit   '@radix-ui/react-portal': [ '1.1.9' ],
284 silly audit   '@radix-ui/react-presence': [ '1.1.5' ],
284 silly audit   '@radix-ui/react-primitive': [ '2.1.3' ],
284 silly audit   '@radix-ui/react-use-controllable-state': [ '1.2.2' ],
284 silly audit   'aria-hidden': [ '1.2.6' ],
284 silly audit   'react-remove-scroll': [ '2.7.1' ],
284 silly audit   '@radix-ui/react-use-callback-ref': [ '1.1.1' ],
284 silly audit   '@radix-ui/react-use-escape-keydown': [ '1.1.1' ],
284 silly audit   '@radix-ui/react-use-layout-effect': [ '1.1.1' ],
284 silly audit   '@radix-ui/number': [ '1.1.1' ],
284 silly audit   '@radix-ui/react-collection': [ '1.1.7' ],
284 silly audit   '@radix-ui/react-direction': [ '1.1.1' ],
284 silly audit   '@radix-ui/react-popper': [ '1.2.8' ],
284 silly audit   '@radix-ui/react-use-previous': [ '1.1.1' ],
284 silly audit   '@radix-ui/react-visually-hidden': [ '1.2.3' ],
284 silly audit   '@floating-ui/react-dom': [ '2.1.6' ],
284 silly audit   '@radix-ui/react-arrow': [ '1.1.7' ],
284 silly audit   '@radix-ui/react-use-rect': [ '1.1.1' ],
284 silly audit   '@radix-ui/react-use-size': [ '1.1.1' ],
284 silly audit   '@radix-ui/rect': [ '1.1.1' ],
284 silly audit   '@floating-ui/dom': [ '1.7.4' ],
284 silly audit   '@floating-ui/core': [ '1.7.3' ],
284 silly audit   '@floating-ui/utils': [ '0.2.10' ],
284 silly audit   '@radix-ui/react-use-effect-event': [ '0.0.2' ],
284 silly audit   'react-remove-scroll-bar': [ '2.3.8' ],
284 silly audit   'react-style-singleton': [ '2.2.3' ],
284 silly audit   'use-callback-ref': [ '1.3.3' ],
284 silly audit   'use-sidecar': [ '1.1.3' ],
284 silly audit   'get-nonce': [ '1.0.1' ],
284 silly audit   'detect-node-es': [ '1.1.0' ],
284 silly audit   '@tailwindcss/oxide-wasm32-wasi': [ '4.1.16' ]
284 silly audit }
285 verbose reify failed optional dependency /Users/saszalysokon/dania/node_modules/lightningcss-win32-x64-msvc
286 silly reify mark deleted [
286 silly reify   '/Users/saszalysokon/dania/node_modules/lightningcss-win32-x64-msvc'
286 silly reify ]
287 verbose reify failed optional dependency /Users/saszalysokon/dania/node_modules/lightningcss-win32-arm64-msvc
288 silly reify mark deleted [
288 silly reify   '/Users/saszalysokon/dania/node_modules/lightningcss-win32-arm64-msvc'
288 silly reify ]
289 verbose reify failed optional dependency /Users/saszalysokon/dania/node_modules/lightningcss-linux-x64-musl
290 silly reify mark deleted [
290 silly reify   '/Users/saszalysokon/dania/node_modules/lightningcss-linux-x64-musl'
290 silly reify ]
291 verbose reify failed optional dependency /Users/saszalysokon/dania/node_modules/lightningcss-linux-x64-gnu
292 silly reify mark deleted [ '/Users/saszalysokon/dania/node_modules/lightningcss-linux-x64-gnu' ]
293 verbose reify failed optional dependency /Users/saszalysokon/dania/node_modules/lightningcss-linux-arm64-musl
294 silly reify mark deleted [
294 silly reify   '/Users/saszalysokon/dania/node_modules/lightningcss-linux-arm64-musl'
294 silly reify ]
295 verbose reify failed optional dependency /Users/saszalysokon/dania/node_modules/lightningcss-linux-arm64-gnu
296 silly reify mark deleted [
296 silly reify   '/Users/saszalysokon/dania/node_modules/lightningcss-linux-arm64-gnu'
296 silly reify ]
297 verbose reify failed optional dependency /Users/saszalysokon/dania/node_modules/lightningcss-linux-arm-gnueabihf
298 silly reify mark deleted [
298 silly reify   '/Users/saszalysokon/dania/node_modules/lightningcss-linux-arm-gnueabihf'
298 silly reify ]
299 verbose reify failed optional dependency /Users/saszalysokon/dania/node_modules/lightningcss-freebsd-x64
300 silly reify mark deleted [ '/Users/saszalysokon/dania/node_modules/lightningcss-freebsd-x64' ]
301 verbose reify failed optional dependency /Users/saszalysokon/dania/node_modules/lightningcss-darwin-x64
302 silly reify mark deleted [ '/Users/saszalysokon/dania/node_modules/lightningcss-darwin-x64' ]
303 verbose reify failed optional dependency /Users/saszalysokon/dania/node_modules/lightningcss-android-arm64
304 silly reify mark deleted [ '/Users/saszalysokon/dania/node_modules/lightningcss-android-arm64' ]
305 verbose reify failed optional dependency /Users/saszalysokon/dania/node_modules/@unrs/resolver-binding-win32-x64-msvc
306 silly reify mark deleted [
306 silly reify   '/Users/saszalysokon/dania/node_modules/@unrs/resolver-binding-win32-x64-msvc'
306 silly reify ]
307 verbose reify failed optional dependency /Users/saszalysokon/dania/node_modules/@unrs/resolver-binding-win32-ia32-msvc
308 silly reify mark deleted [
308 silly reify   '/Users/saszalysokon/dania/node_modules/@unrs/resolver-binding-win32-ia32-msvc'
308 silly reify ]
309 verbose reify failed optional dependency /Users/saszalysokon/dania/node_modules/@unrs/resolver-binding-win32-arm64-msvc
310 silly reify mark deleted [
310 silly reify   '/Users/saszalysokon/dania/node_modules/@unrs/resolver-binding-win32-arm64-msvc'
310 silly reify ]
311 verbose reify failed optional dependency /Users/saszalysokon/dania/node_modules/@unrs/resolver-binding-wasm32-wasi
312 silly reify mark deleted [
312 silly reify   '/Users/saszalysokon/dania/node_modules/@unrs/resolver-binding-wasm32-wasi'
312 silly reify ]
313 verbose reify failed optional dependency /Users/saszalysokon/dania/node_modules/@unrs/resolver-binding-linux-x64-musl
314 silly reify mark deleted [
314 silly reify   '/Users/saszalysokon/dania/node_modules/@unrs/resolver-binding-linux-x64-musl'
314 silly reify ]
315 verbose reify failed optional dependency /Users/saszalysokon/dania/node_modules/@unrs/resolver-binding-linux-x64-gnu
316 silly reify mark deleted [
316 silly reify   '/Users/saszalysokon/dania/node_modules/@unrs/resolver-binding-linux-x64-gnu'
316 silly reify ]
317 verbose reify failed optional dependency /Users/saszalysokon/dania/node_modules/@unrs/resolver-binding-linux-s390x-gnu
318 silly reify mark deleted [
318 silly reify   '/Users/saszalysokon/dania/node_modules/@unrs/resolver-binding-linux-s390x-gnu'
318 silly reify ]
319 verbose reify failed optional dependency /Users/saszalysokon/dania/node_modules/@unrs/resolver-binding-linux-riscv64-musl
320 silly reify mark deleted [
320 silly reify   '/Users/saszalysokon/dania/node_modules/@unrs/resolver-binding-linux-riscv64-musl'
320 silly reify ]
321 verbose reify failed optional dependency /Users/saszalysokon/dania/node_modules/@unrs/resolver-binding-linux-riscv64-gnu
322 silly reify mark deleted [
322 silly reify   '/Users/saszalysokon/dania/node_modules/@unrs/resolver-binding-linux-riscv64-gnu'
322 silly reify ]
323 verbose reify failed optional dependency /Users/saszalysokon/dania/node_modules/@unrs/resolver-binding-linux-ppc64-gnu
324 silly reify mark deleted [
324 silly reify   '/Users/saszalysokon/dania/node_modules/@unrs/resolver-binding-linux-ppc64-gnu'
324 silly reify ]
325 verbose reify failed optional dependency /Users/saszalysokon/dania/node_modules/@unrs/resolver-binding-linux-arm64-musl
326 silly reify mark deleted [
326 silly reify   '/Users/saszalysokon/dania/node_modules/@unrs/resolver-binding-linux-arm64-musl'
326 silly reify ]
327 verbose reify failed optional dependency /Users/saszalysokon/dania/node_modules/@unrs/resolver-binding-linux-arm64-gnu
328 silly reify mark deleted [
328 silly reify   '/Users/saszalysokon/dania/node_modules/@unrs/resolver-binding-linux-arm64-gnu'
328 silly reify ]
329 verbose reify failed optional dependency /Users/saszalysokon/dania/node_modules/@unrs/resolver-binding-linux-arm-musleabihf
330 silly reify mark deleted [
330 silly reify   '/Users/saszalysokon/dania/node_modules/@unrs/resolver-binding-linux-arm-musleabihf'
330 silly reify ]
331 verbose reify failed optional dependency /Users/saszalysokon/dania/node_modules/@unrs/resolver-binding-linux-arm-gnueabihf
332 silly reify mark deleted [
332 silly reify   '/Users/saszalysokon/dania/node_modules/@unrs/resolver-binding-linux-arm-gnueabihf'
332 silly reify ]
333 verbose reify failed optional dependency /Users/saszalysokon/dania/node_modules/@unrs/resolver-binding-freebsd-x64
334 silly reify mark deleted [
334 silly reify   '/Users/saszalysokon/dania/node_modules/@unrs/resolver-binding-freebsd-x64'
334 silly reify ]
335 verbose reify failed optional dependency /Users/saszalysokon/dania/node_modules/@unrs/resolver-binding-darwin-x64
336 silly reify mark deleted [
336 silly reify   '/Users/saszalysokon/dania/node_modules/@unrs/resolver-binding-darwin-x64'
336 silly reify ]
337 verbose reify failed optional dependency /Users/saszalysokon/dania/node_modules/@unrs/resolver-binding-android-arm64
338 silly reify mark deleted [
338 silly reify   '/Users/saszalysokon/dania/node_modules/@unrs/resolver-binding-android-arm64'
338 silly reify ]
339 verbose reify failed optional dependency /Users/saszalysokon/dania/node_modules/@unrs/resolver-binding-android-arm-eabi
340 silly reify mark deleted [
340 silly reify   '/Users/saszalysokon/dania/node_modules/@unrs/resolver-binding-android-arm-eabi'
340 silly reify ]
341 verbose reify failed optional dependency /Users/saszalysokon/dania/node_modules/@tailwindcss/oxide-win32-x64-msvc
342 silly reify mark deleted [
342 silly reify   '/Users/saszalysokon/dania/node_modules/@tailwindcss/oxide-win32-x64-msvc'
342 silly reify ]
343 verbose reify failed optional dependency /Users/saszalysokon/dania/node_modules/@tailwindcss/oxide-win32-arm64-msvc
344 silly reify mark deleted [
344 silly reify   '/Users/saszalysokon/dania/node_modules/@tailwindcss/oxide-win32-arm64-msvc'
344 silly reify ]
345 verbose reify failed optional dependency /Users/saszalysokon/dania/node_modules/@tailwindcss/oxide-linux-x64-musl
346 silly reify mark deleted [
346 silly reify   '/Users/saszalysokon/dania/node_modules/@tailwindcss/oxide-linux-x64-musl'
346 silly reify ]
347 verbose reify failed optional dependency /Users/saszalysokon/dania/node_modules/@tailwindcss/oxide-linux-x64-gnu
348 silly reify mark deleted [
348 silly reify   '/Users/saszalysokon/dania/node_modules/@tailwindcss/oxide-linux-x64-gnu'
348 silly reify ]
349 verbose reify failed optional dependency /Users/saszalysokon/dania/node_modules/@tailwindcss/oxide-linux-arm64-musl
350 silly reify mark deleted [
350 silly reify   '/Users/saszalysokon/dania/node_modules/@tailwindcss/oxide-linux-arm64-musl'
350 silly reify ]
351 verbose reify failed optional dependency /Users/saszalysokon/dania/node_modules/@tailwindcss/oxide-linux-arm64-gnu
352 silly reify mark deleted [
352 silly reify   '/Users/saszalysokon/dania/node_modules/@tailwindcss/oxide-linux-arm64-gnu'
352 silly reify ]
353 verbose reify failed optional dependency /Users/saszalysokon/dania/node_modules/@tailwindcss/oxide-linux-arm-gnueabihf
354 silly reify mark deleted [
354 silly reify   '/Users/saszalysokon/dania/node_modules/@tailwindcss/oxide-linux-arm-gnueabihf'
354 silly reify ]
355 verbose reify failed optional dependency /Users/saszalysokon/dania/node_modules/@tailwindcss/oxide-freebsd-x64
356 silly reify mark deleted [
356 silly reify   '/Users/saszalysokon/dania/node_modules/@tailwindcss/oxide-freebsd-x64'
356 silly reify ]
357 verbose reify failed optional dependency /Users/saszalysokon/dania/node_modules/@tailwindcss/oxide-darwin-x64
358 silly reify mark deleted [
358 silly reify   '/Users/saszalysokon/dania/node_modules/@tailwindcss/oxide-darwin-x64'
358 silly reify ]
359 verbose reify failed optional dependency /Users/saszalysokon/dania/node_modules/@tailwindcss/oxide-android-arm64
360 silly reify mark deleted [
360 silly reify   '/Users/saszalysokon/dania/node_modules/@tailwindcss/oxide-android-arm64'
360 silly reify ]
361 verbose reify failed optional dependency /Users/saszalysokon/dania/node_modules/@next/swc-win32-x64-msvc
362 silly reify mark deleted [ '/Users/saszalysokon/dania/node_modules/@next/swc-win32-x64-msvc' ]
363 verbose reify failed optional dependency /Users/saszalysokon/dania/node_modules/@next/swc-win32-arm64-msvc
364 silly reify mark deleted [ '/Users/saszalysokon/dania/node_modules/@next/swc-win32-arm64-msvc' ]
365 verbose reify failed optional dependency /Users/saszalysokon/dania/node_modules/@next/swc-linux-x64-musl
366 silly reify mark deleted [ '/Users/saszalysokon/dania/node_modules/@next/swc-linux-x64-musl' ]
367 verbose reify failed optional dependency /Users/saszalysokon/dania/node_modules/@next/swc-linux-x64-gnu
368 silly reify mark deleted [ '/Users/saszalysokon/dania/node_modules/@next/swc-linux-x64-gnu' ]
369 verbose reify failed optional dependency /Users/saszalysokon/dania/node_modules/@next/swc-linux-arm64-musl
370 silly reify mark deleted [ '/Users/saszalysokon/dania/node_modules/@next/swc-linux-arm64-musl' ]
371 verbose reify failed optional dependency /Users/saszalysokon/dania/node_modules/@next/swc-linux-arm64-gnu
372 silly reify mark deleted [ '/Users/saszalysokon/dania/node_modules/@next/swc-linux-arm64-gnu' ]
373 verbose reify failed optional dependency /Users/saszalysokon/dania/node_modules/@next/swc-darwin-x64
374 silly reify mark deleted [ '/Users/saszalysokon/dania/node_modules/@next/swc-darwin-x64' ]
375 verbose reify failed optional dependency /Users/saszalysokon/dania/node_modules/@img/sharp-win32-x64
376 silly reify mark deleted [ '/Users/saszalysokon/dania/node_modules/@img/sharp-win32-x64' ]
377 verbose reify failed optional dependency /Users/saszalysokon/dania/node_modules/@img/sharp-win32-ia32
378 silly reify mark deleted [ '/Users/saszalysokon/dania/node_modules/@img/sharp-win32-ia32' ]
379 verbose reify failed optional dependency /Users/saszalysokon/dania/node_modules/@img/sharp-win32-arm64
380 silly reify mark deleted [ '/Users/saszalysokon/dania/node_modules/@img/sharp-win32-arm64' ]
381 verbose reify failed optional dependency /Users/saszalysokon/dania/node_modules/@img/sharp-wasm32
382 silly reify mark deleted [ '/Users/saszalysokon/dania/node_modules/@img/sharp-wasm32' ]
383 verbose reify failed optional dependency /Users/saszalysokon/dania/node_modules/@img/sharp-linuxmusl-x64
384 silly reify mark deleted [ '/Users/saszalysokon/dania/node_modules/@img/sharp-linuxmusl-x64' ]
385 verbose reify failed optional dependency /Users/saszalysokon/dania/node_modules/@img/sharp-linuxmusl-arm64
386 silly reify mark deleted [ '/Users/saszalysokon/dania/node_modules/@img/sharp-linuxmusl-arm64' ]
387 verbose reify failed optional dependency /Users/saszalysokon/dania/node_modules/@img/sharp-linux-x64
388 silly reify mark deleted [ '/Users/saszalysokon/dania/node_modules/@img/sharp-linux-x64' ]
389 verbose reify failed optional dependency /Users/saszalysokon/dania/node_modules/@img/sharp-linux-s390x
390 silly reify mark deleted [ '/Users/saszalysokon/dania/node_modules/@img/sharp-linux-s390x' ]
391 verbose reify failed optional dependency /Users/saszalysokon/dania/node_modules/@img/sharp-linux-ppc64
392 silly reify mark deleted [ '/Users/saszalysokon/dania/node_modules/@img/sharp-linux-ppc64' ]
393 verbose reify failed optional dependency /Users/saszalysokon/dania/node_modules/@img/sharp-linux-arm64
394 silly reify mark deleted [ '/Users/saszalysokon/dania/node_modules/@img/sharp-linux-arm64' ]
395 verbose reify failed optional dependency /Users/saszalysokon/dania/node_modules/@img/sharp-linux-arm
396 silly reify mark deleted [ '/Users/saszalysokon/dania/node_modules/@img/sharp-linux-arm' ]
397 verbose reify failed optional dependency /Users/saszalysokon/dania/node_modules/@img/sharp-libvips-linuxmusl-x64
398 silly reify mark deleted [
398 silly reify   '/Users/saszalysokon/dania/node_modules/@img/sharp-libvips-linuxmusl-x64'
398 silly reify ]
399 verbose reify failed optional dependency /Users/saszalysokon/dania/node_modules/@img/sharp-libvips-linuxmusl-arm64
400 silly reify mark deleted [
400 silly reify   '/Users/saszalysokon/dania/node_modules/@img/sharp-libvips-linuxmusl-arm64'
400 silly reify ]
401 verbose reify failed optional dependency /Users/saszalysokon/dania/node_modules/@img/sharp-libvips-linux-x64
402 silly reify mark deleted [
402 silly reify   '/Users/saszalysokon/dania/node_modules/@img/sharp-libvips-linux-x64'
402 silly reify ]
403 verbose reify failed optional dependency /Users/saszalysokon/dania/node_modules/@img/sharp-libvips-linux-s390x
404 silly reify mark deleted [
404 silly reify   '/Users/saszalysokon/dania/node_modules/@img/sharp-libvips-linux-s390x'
404 silly reify ]
405 verbose reify failed optional dependency /Users/saszalysokon/dania/node_modules/@img/sharp-libvips-linux-ppc64
406 silly reify mark deleted [
406 silly reify   '/Users/saszalysokon/dania/node_modules/@img/sharp-libvips-linux-ppc64'
406 silly reify ]
407 verbose reify failed optional dependency /Users/saszalysokon/dania/node_modules/@img/sharp-libvips-linux-arm64
408 silly reify mark deleted [
408 silly reify   '/Users/saszalysokon/dania/node_modules/@img/sharp-libvips-linux-arm64'
408 silly reify ]
409 verbose reify failed optional dependency /Users/saszalysokon/dania/node_modules/@img/sharp-libvips-linux-arm
410 silly reify mark deleted [
410 silly reify   '/Users/saszalysokon/dania/node_modules/@img/sharp-libvips-linux-arm'
410 silly reify ]
411 verbose reify failed optional dependency /Users/saszalysokon/dania/node_modules/@img/sharp-libvips-darwin-x64
412 silly reify mark deleted [
412 silly reify   '/Users/saszalysokon/dania/node_modules/@img/sharp-libvips-darwin-x64'
412 silly reify ]
413 verbose reify failed optional dependency /Users/saszalysokon/dania/node_modules/@img/sharp-darwin-x64
414 silly reify mark deleted [ '/Users/saszalysokon/dania/node_modules/@img/sharp-darwin-x64' ]
415 http cache detect-node-es@https://registry.npmjs.org/detect-node-es/-/detect-node-es-1.1.0.tgz 0ms (cache hit)
416 http cache use-callback-ref@https://registry.npmjs.org/use-callback-ref/-/use-callback-ref-1.3.3.tgz 0ms (cache hit)
417 http cache use-sidecar@https://registry.npmjs.org/use-sidecar/-/use-sidecar-1.1.3.tgz 0ms (cache hit)
418 http cache react-remove-scroll-bar@https://registry.npmjs.org/react-remove-scroll-bar/-/react-remove-scroll-bar-2.3.8.tgz 0ms (cache hit)
419 http cache @floating-ui/dom@https://registry.npmjs.org/@floating-ui/dom/-/dom-1.7.4.tgz 0ms (cache hit)
420 http cache react-style-singleton@https://registry.npmjs.org/react-style-singleton/-/react-style-singleton-2.2.3.tgz 0ms (cache hit)
421 http cache get-nonce@https://registry.npmjs.org/get-nonce/-/get-nonce-1.0.1.tgz 0ms (cache hit)
422 http cache @floating-ui/utils@https://registry.npmjs.org/@floating-ui/utils/-/utils-0.2.10.tgz 0ms (cache hit)
423 http cache @radix-ui/react-use-effect-event@https://registry.npmjs.org/@radix-ui/react-use-effect-event/-/react-use-effect-event-0.0.2.tgz 0ms (cache hit)
424 http cache @radix-ui/react-arrow@https://registry.npmjs.org/@radix-ui/react-arrow/-/react-arrow-1.1.7.tgz 0ms (cache hit)
425 http cache @radix-ui/react-use-size@https://registry.npmjs.org/@radix-ui/react-use-size/-/react-use-size-1.1.1.tgz 0ms (cache hit)
426 http cache @radix-ui/react-use-rect@https://registry.npmjs.org/@radix-ui/react-use-rect/-/react-use-rect-1.1.1.tgz 0ms (cache hit)
427 http cache @floating-ui/core@https://registry.npmjs.org/@floating-ui/core/-/core-1.7.3.tgz 0ms (cache hit)
428 http cache @radix-ui/react-popper@https://registry.npmjs.org/@radix-ui/react-popper/-/react-popper-1.2.8.tgz 0ms (cache hit)
429 http cache @floating-ui/react-dom@https://registry.npmjs.org/@floating-ui/react-dom/-/react-dom-2.1.6.tgz 0ms (cache hit)
430 http cache @radix-ui/react-visually-hidden@https://registry.npmjs.org/@radix-ui/react-visually-hidden/-/react-visually-hidden-1.2.3.tgz 0ms (cache hit)
431 http cache @radix-ui/react-direction@https://registry.npmjs.org/@radix-ui/react-direction/-/react-direction-1.1.1.tgz 0ms (cache hit)
432 http cache @radix-ui/rect@https://registry.npmjs.org/@radix-ui/rect/-/rect-1.1.1.tgz 0ms (cache hit)
433 http cache @radix-ui/react-use-layout-effect@https://registry.npmjs.org/@radix-ui/react-use-layout-effect/-/react-use-layout-effect-1.1.1.tgz 0ms (cache hit)
434 http cache @radix-ui/number@https://registry.npmjs.org/@radix-ui/number/-/number-1.1.1.tgz 0ms (cache hit)
435 http cache @radix-ui/react-use-previous@https://registry.npmjs.org/@radix-ui/react-use-previous/-/react-use-previous-1.1.1.tgz 0ms (cache hit)
436 http cache @radix-ui/react-collection@https://registry.npmjs.org/@radix-ui/react-collection/-/react-collection-1.1.7.tgz 0ms (cache hit)
437 http cache aria-hidden@https://registry.npmjs.org/aria-hidden/-/aria-hidden-1.2.6.tgz 0ms (cache hit)
438 http cache @radix-ui/react-use-escape-keydown@https://registry.npmjs.org/@radix-ui/react-use-escape-keydown/-/react-use-escape-keydown-1.1.1.tgz 0ms (cache hit)
439 http cache @radix-ui/react-use-callback-ref@https://registry.npmjs.org/@radix-ui/react-use-callback-ref/-/react-use-callback-ref-1.1.1.tgz 0ms (cache hit)
440 http cache @radix-ui/react-use-controllable-state@https://registry.npmjs.org/@radix-ui/react-use-controllable-state/-/react-use-controllable-state-1.2.2.tgz 0ms (cache hit)
441 http cache @radix-ui/react-primitive@https://registry.npmjs.org/@radix-ui/react-primitive/-/react-primitive-2.1.3.tgz 0ms (cache hit)
442 http cache @radix-ui/react-presence@https://registry.npmjs.org/@radix-ui/react-presence/-/react-presence-1.1.5.tgz 0ms (cache hit)
443 http cache @radix-ui/react-portal@https://registry.npmjs.org/@radix-ui/react-portal/-/react-portal-1.1.9.tgz 0ms (cache hit)
444 http cache @radix-ui/react-id@https://registry.npmjs.org/@radix-ui/react-id/-/react-id-1.1.1.tgz 0ms (cache hit)
445 http cache @radix-ui/react-focus-scope@https://registry.npmjs.org/@radix-ui/react-focus-scope/-/react-focus-scope-1.1.7.tgz 0ms (cache hit)
446 http cache @radix-ui/react-focus-guards@https://registry.npmjs.org/@radix-ui/react-focus-guards/-/react-focus-guards-1.1.3.tgz 0ms (cache hit)
447 http cache @radix-ui/react-dismissable-layer@https://registry.npmjs.org/@radix-ui/react-dismissable-layer/-/react-dismissable-layer-1.1.11.tgz 0ms (cache hit)
448 http cache @radix-ui/react-context@https://registry.npmjs.org/@radix-ui/react-context/-/react-context-1.1.2.tgz 0ms (cache hit)
449 http cache @radix-ui/react-compose-refs@https://registry.npmjs.org/@radix-ui/react-compose-refs/-/react-compose-refs-1.1.2.tgz 0ms (cache hit)
450 http cache @radix-ui/primitive@https://registry.npmjs.org/@radix-ui/primitive/-/primitive-1.1.3.tgz 0ms (cache hit)
451 http cache next-themes@https://registry.npmjs.org/next-themes/-/next-themes-0.4.6.tgz 0ms (cache hit)
452 http cache sonner@https://registry.npmjs.org/sonner/-/sonner-2.0.7.tgz 0ms (cache hit)
453 http cache @radix-ui/react-slot@https://registry.npmjs.org/@radix-ui/react-slot/-/react-slot-1.2.3.tgz 0ms (cache hit)
454 http cache @radix-ui/react-select@https://registry.npmjs.org/@radix-ui/react-select/-/react-select-2.2.6.tgz 0ms (cache hit)
455 http cache @radix-ui/react-label@https://registry.npmjs.org/@radix-ui/react-label/-/react-label-2.1.7.tgz 0ms (cache hit)
456 http cache @radix-ui/react-dialog@https://registry.npmjs.org/@radix-ui/react-dialog/-/react-dialog-1.1.15.tgz 0ms (cache hit)
457 http cache react-remove-scroll@https://registry.npmjs.org/react-remove-scroll/-/react-remove-scroll-2.7.1.tgz 0ms (cache hit)
458 silly tarball no local data for detect-node-es@https://registry.npmjs.org/detect-node-es/-/detect-node-es-1.1.0.tgz. Extracting by manifest.
459 silly tarball no local data for use-callback-ref@https://registry.npmjs.org/use-callback-ref/-/use-callback-ref-1.3.3.tgz. Extracting by manifest.
460 silly tarball no local data for use-sidecar@https://registry.npmjs.org/use-sidecar/-/use-sidecar-1.1.3.tgz. Extracting by manifest.
461 silly tarball no local data for react-remove-scroll-bar@https://registry.npmjs.org/react-remove-scroll-bar/-/react-remove-scroll-bar-2.3.8.tgz. Extracting by manifest.
462 silly tarball no local data for @floating-ui/dom@https://registry.npmjs.org/@floating-ui/dom/-/dom-1.7.4.tgz. Extracting by manifest.
463 silly tarball no local data for react-style-singleton@https://registry.npmjs.org/react-style-singleton/-/react-style-singleton-2.2.3.tgz. Extracting by manifest.
464 silly tarball no local data for get-nonce@https://registry.npmjs.org/get-nonce/-/get-nonce-1.0.1.tgz. Extracting by manifest.
465 silly tarball no local data for @floating-ui/utils@https://registry.npmjs.org/@floating-ui/utils/-/utils-0.2.10.tgz. Extracting by manifest.
466 silly tarball no local data for @radix-ui/react-use-effect-event@https://registry.npmjs.org/@radix-ui/react-use-effect-event/-/react-use-effect-event-0.0.2.tgz. Extracting by manifest.
467 silly tarball no local data for @radix-ui/react-arrow@https://registry.npmjs.org/@radix-ui/react-arrow/-/react-arrow-1.1.7.tgz. Extracting by manifest.
468 silly tarball no local data for @radix-ui/react-use-size@https://registry.npmjs.org/@radix-ui/react-use-size/-/react-use-size-1.1.1.tgz. Extracting by manifest.
469 silly tarball no local data for @radix-ui/react-use-rect@https://registry.npmjs.org/@radix-ui/react-use-rect/-/react-use-rect-1.1.1.tgz. Extracting by manifest.
470 silly tarball no local data for @floating-ui/core@https://registry.npmjs.org/@floating-ui/core/-/core-1.7.3.tgz. Extracting by manifest.
471 silly tarball no local data for @radix-ui/react-popper@https://registry.npmjs.org/@radix-ui/react-popper/-/react-popper-1.2.8.tgz. Extracting by manifest.
472 silly tarball no local data for @floating-ui/react-dom@https://registry.npmjs.org/@floating-ui/react-dom/-/react-dom-2.1.6.tgz. Extracting by manifest.
473 silly tarball no local data for @radix-ui/react-visually-hidden@https://registry.npmjs.org/@radix-ui/react-visually-hidden/-/react-visually-hidden-1.2.3.tgz. Extracting by manifest.
474 silly tarball no local data for @radix-ui/react-direction@https://registry.npmjs.org/@radix-ui/react-direction/-/react-direction-1.1.1.tgz. Extracting by manifest.
475 silly tarball no local data for @radix-ui/rect@https://registry.npmjs.org/@radix-ui/rect/-/rect-1.1.1.tgz. Extracting by manifest.
476 silly tarball no local data for @radix-ui/react-use-layout-effect@https://registry.npmjs.org/@radix-ui/react-use-layout-effect/-/react-use-layout-effect-1.1.1.tgz. Extracting by manifest.
477 silly tarball no local data for @radix-ui/number@https://registry.npmjs.org/@radix-ui/number/-/number-1.1.1.tgz. Extracting by manifest.
478 silly tarball no local data for @radix-ui/react-use-previous@https://registry.npmjs.org/@radix-ui/react-use-previous/-/react-use-previous-1.1.1.tgz. Extracting by manifest.
479 silly tarball no local data for @radix-ui/react-collection@https://registry.npmjs.org/@radix-ui/react-collection/-/react-collection-1.1.7.tgz. Extracting by manifest.
480 silly tarball no local data for aria-hidden@https://registry.npmjs.org/aria-hidden/-/aria-hidden-1.2.6.tgz. Extracting by manifest.
481 silly tarball no local data for @radix-ui/react-use-escape-keydown@https://registry.npmjs.org/@radix-ui/react-use-escape-keydown/-/react-use-escape-keydown-1.1.1.tgz. Extracting by manifest.
482 silly tarball no local data for @radix-ui/react-use-callback-ref@https://registry.npmjs.org/@radix-ui/react-use-callback-ref/-/react-use-callback-ref-1.1.1.tgz. Extracting by manifest.
483 silly tarball no local data for @radix-ui/react-use-controllable-state@https://registry.npmjs.org/@radix-ui/react-use-controllable-state/-/react-use-controllable-state-1.2.2.tgz. Extracting by manifest.
484 silly tarball no local data for @radix-ui/react-primitive@https://registry.npmjs.org/@radix-ui/react-primitive/-/react-primitive-2.1.3.tgz. Extracting by manifest.
485 silly tarball no local data for @radix-ui/react-presence@https://registry.npmjs.org/@radix-ui/react-presence/-/react-presence-1.1.5.tgz. Extracting by manifest.
486 silly tarball no local data for @radix-ui/react-portal@https://registry.npmjs.org/@radix-ui/react-portal/-/react-portal-1.1.9.tgz. Extracting by manifest.
487 silly tarball no local data for @radix-ui/react-id@https://registry.npmjs.org/@radix-ui/react-id/-/react-id-1.1.1.tgz. Extracting by manifest.
488 silly tarball no local data for @radix-ui/react-focus-scope@https://registry.npmjs.org/@radix-ui/react-focus-scope/-/react-focus-scope-1.1.7.tgz. Extracting by manifest.
489 silly tarball no local data for @radix-ui/react-focus-guards@https://registry.npmjs.org/@radix-ui/react-focus-guards/-/react-focus-guards-1.1.3.tgz. Extracting by manifest.
490 silly tarball no local data for @radix-ui/react-dismissable-layer@https://registry.npmjs.org/@radix-ui/react-dismissable-layer/-/react-dismissable-layer-1.1.11.tgz. Extracting by manifest.
491 silly tarball no local data for @radix-ui/react-context@https://registry.npmjs.org/@radix-ui/react-context/-/react-context-1.1.2.tgz. Extracting by manifest.
492 silly tarball no local data for @radix-ui/react-compose-refs@https://registry.npmjs.org/@radix-ui/react-compose-refs/-/react-compose-refs-1.1.2.tgz. Extracting by manifest.
493 silly tarball no local data for @radix-ui/primitive@https://registry.npmjs.org/@radix-ui/primitive/-/primitive-1.1.3.tgz. Extracting by manifest.
494 silly tarball no local data for next-themes@https://registry.npmjs.org/next-themes/-/next-themes-0.4.6.tgz. Extracting by manifest.
495 silly tarball no local data for sonner@https://registry.npmjs.org/sonner/-/sonner-2.0.7.tgz. Extracting by manifest.
496 silly tarball no local data for @radix-ui/react-slot@https://registry.npmjs.org/@radix-ui/react-slot/-/react-slot-1.2.3.tgz. Extracting by manifest.
497 silly tarball no local data for @radix-ui/react-select@https://registry.npmjs.org/@radix-ui/react-select/-/react-select-2.2.6.tgz. Extracting by manifest.
498 silly tarball no local data for @radix-ui/react-label@https://registry.npmjs.org/@radix-ui/react-label/-/react-label-2.1.7.tgz. Extracting by manifest.
499 silly tarball no local data for @radix-ui/react-dialog@https://registry.npmjs.org/@radix-ui/react-dialog/-/react-dialog-1.1.15.tgz. Extracting by manifest.
500 silly tarball no local data for react-remove-scroll@https://registry.npmjs.org/react-remove-scroll/-/react-remove-scroll-2.7.1.tgz. Extracting by manifest.
501 http fetch GET 200 https://registry.npmjs.org/react-remove-scroll-bar/-/react-remove-scroll-bar-2.3.8.tgz 63ms (cache miss)
502 http fetch GET 200 https://registry.npmjs.org/react-style-singleton/-/react-style-singleton-2.2.3.tgz 66ms (cache miss)
503 http fetch GET 200 https://registry.npmjs.org/use-sidecar/-/use-sidecar-1.1.3.tgz 72ms (cache miss)
504 http fetch GET 200 https://registry.npmjs.org/use-callback-ref/-/use-callback-ref-1.3.3.tgz 74ms (cache miss)
505 http fetch GET 200 https://registry.npmjs.org/@floating-ui/dom/-/dom-1.7.4.tgz 77ms (cache miss)
506 http fetch GET 200 https://registry.npmjs.org/detect-node-es/-/detect-node-es-1.1.0.tgz 79ms (cache miss)
507 http fetch GET 200 https://registry.npmjs.org/get-nonce/-/get-nonce-1.0.1.tgz 106ms (cache miss)
508 http fetch GET 200 https://registry.npmjs.org/@floating-ui/react-dom/-/react-dom-2.1.6.tgz 112ms (cache miss)
509 http fetch GET 200 https://registry.npmjs.org/@radix-ui/react-use-rect/-/react-use-rect-1.1.1.tgz 119ms (cache miss)
510 http fetch GET 200 https://registry.npmjs.org/@radix-ui/react-visually-hidden/-/react-visually-hidden-1.2.3.tgz 123ms (cache miss)
511 http fetch GET 200 https://registry.npmjs.org/@radix-ui/react-direction/-/react-direction-1.1.1.tgz 124ms (cache miss)
512 http fetch GET 200 https://registry.npmjs.org/@radix-ui/rect/-/rect-1.1.1.tgz 141ms (cache miss)
513 http fetch GET 200 https://registry.npmjs.org/@radix-ui/react-use-size/-/react-use-size-1.1.1.tgz 143ms (cache miss)
514 http fetch GET 200 https://registry.npmjs.org/@radix-ui/react-use-layout-effect/-/react-use-layout-effect-1.1.1.tgz 171ms (cache miss)
515 http fetch GET 200 https://registry.npmjs.org/@radix-ui/react-use-effect-event/-/react-use-effect-event-0.0.2.tgz 177ms (cache miss)
516 http fetch GET 200 https://registry.npmjs.org/@radix-ui/react-arrow/-/react-arrow-1.1.7.tgz 185ms (cache miss)
517 http fetch GET 200 https://registry.npmjs.org/@radix-ui/react-use-callback-ref/-/react-use-callback-ref-1.1.1.tgz 186ms (cache miss)
518 http fetch GET 200 https://registry.npmjs.org/@radix-ui/number/-/number-1.1.1.tgz 186ms (cache miss)
519 http fetch GET 200 https://registry.npmjs.org/aria-hidden/-/aria-hidden-1.2.6.tgz 186ms (cache miss)
520 http fetch GET 200 https://registry.npmjs.org/@radix-ui/react-use-escape-keydown/-/react-use-escape-keydown-1.1.1.tgz 188ms (cache miss)
521 http fetch GET 200 https://registry.npmjs.org/@floating-ui/core/-/core-1.7.3.tgz 191ms (cache miss)
522 http fetch GET 200 https://registry.npmjs.org/@radix-ui/react-use-previous/-/react-use-previous-1.1.1.tgz 202ms (cache miss)
523 http fetch GET 200 https://registry.npmjs.org/@radix-ui/react-primitive/-/react-primitive-2.1.3.tgz 203ms (cache miss)
524 http fetch GET 200 https://registry.npmjs.org/@radix-ui/react-collection/-/react-collection-1.1.7.tgz 204ms (cache miss)
525 http fetch GET 200 https://registry.npmjs.org/@radix-ui/react-use-controllable-state/-/react-use-controllable-state-1.2.2.tgz 216ms (cache miss)
526 http fetch GET 200 https://registry.npmjs.org/@floating-ui/utils/-/utils-0.2.10.tgz 228ms (cache miss)
527 http fetch GET 200 https://registry.npmjs.org/@radix-ui/react-focus-scope/-/react-focus-scope-1.1.7.tgz 228ms (cache miss)
528 http fetch GET 200 https://registry.npmjs.org/@radix-ui/react-presence/-/react-presence-1.1.5.tgz 232ms (cache miss)
529 http fetch GET 200 https://registry.npmjs.org/@radix-ui/react-compose-refs/-/react-compose-refs-1.1.2.tgz 238ms (cache miss)
530 http fetch GET 200 https://registry.npmjs.org/@radix-ui/react-portal/-/react-portal-1.1.9.tgz 244ms (cache miss)
531 http fetch POST 200 https://registry.npmjs.org/-/npm/v1/security/advisories/bulk 262ms
532 silly audit report {}
533 http fetch GET 200 https://registry.npmjs.org/sonner/-/sonner-2.0.7.tgz 256ms (cache miss)
534 http fetch GET 200 https://registry.npmjs.org/next-themes/-/next-themes-0.4.6.tgz 256ms (cache miss)
535 http fetch GET 200 https://registry.npmjs.org/@radix-ui/react-focus-guards/-/react-focus-guards-1.1.3.tgz 261ms (cache miss)
536 http fetch GET 200 https://registry.npmjs.org/@radix-ui/primitive/-/primitive-1.1.3.tgz 267ms (cache miss)
537 http fetch GET 200 https://registry.npmjs.org/@radix-ui/react-dismissable-layer/-/react-dismissable-layer-1.1.11.tgz 267ms (cache miss)
538 http fetch GET 200 https://registry.npmjs.org/react-remove-scroll/-/react-remove-scroll-2.7.1.tgz 273ms (cache miss)
539 http fetch GET 200 https://registry.npmjs.org/@radix-ui/react-id/-/react-id-1.1.1.tgz 275ms (cache miss)
540 http fetch GET 200 https://registry.npmjs.org/@radix-ui/react-label/-/react-label-2.1.7.tgz 274ms (cache miss)
541 http fetch GET 200 https://registry.npmjs.org/@radix-ui/react-slot/-/react-slot-1.2.3.tgz 290ms (cache miss)
542 http fetch GET 200 https://registry.npmjs.org/@radix-ui/react-context/-/react-context-1.1.2.tgz 317ms (cache miss)
543 http fetch GET 200 https://registry.npmjs.org/@radix-ui/react-popper/-/react-popper-1.2.8.tgz 329ms (cache miss)
544 http fetch GET 200 https://registry.npmjs.org/@radix-ui/react-dialog/-/react-dialog-1.1.15.tgz 352ms (cache miss)
545 http fetch GET 200 https://registry.npmjs.org/@radix-ui/react-select/-/react-select-2.2.6.tgz 428ms (cache miss)
546 silly ADD node_modules/detect-node-es
547 silly ADD node_modules/get-nonce
548 silly ADD node_modules/use-sidecar
549 silly ADD node_modules/use-callback-ref
550 silly ADD node_modules/react-style-singleton
551 silly ADD node_modules/react-remove-scroll-bar
552 silly ADD node_modules/@radix-ui/react-use-effect-event
553 silly ADD node_modules/@floating-ui/utils
554 silly ADD node_modules/@floating-ui/core
555 silly ADD node_modules/@floating-ui/dom
556 silly ADD node_modules/@radix-ui/rect
557 silly ADD node_modules/@radix-ui/react-use-size
558 silly ADD node_modules/@radix-ui/react-use-rect
559 silly ADD node_modules/@radix-ui/react-arrow
560 silly ADD node_modules/@floating-ui/react-dom
561 silly ADD node_modules/@radix-ui/react-visually-hidden
562 silly ADD node_modules/@radix-ui/react-use-previous
563 silly ADD node_modules/@radix-ui/react-popper
564 silly ADD node_modules/@radix-ui/react-direction
565 silly ADD node_modules/@radix-ui/react-collection
566 silly ADD node_modules/@radix-ui/number
567 silly ADD node_modules/@radix-ui/react-use-layout-effect
568 silly ADD node_modules/@radix-ui/react-use-escape-keydown
569 silly ADD node_modules/@radix-ui/react-use-callback-ref
570 silly ADD node_modules/react-remove-scroll
571 silly ADD node_modules/aria-hidden
572 silly ADD node_modules/@radix-ui/react-use-controllable-state
573 silly ADD node_modules/@radix-ui/react-primitive
574 silly ADD node_modules/@radix-ui/react-presence
575 silly ADD node_modules/@radix-ui/react-portal
576 silly ADD node_modules/@radix-ui/react-id
577 silly ADD node_modules/@radix-ui/react-focus-scope
578 silly ADD node_modules/@radix-ui/react-focus-guards
579 silly ADD node_modules/@radix-ui/react-dismissable-layer
580 silly ADD node_modules/@radix-ui/react-context
581 silly ADD node_modules/@radix-ui/react-compose-refs
582 silly ADD node_modules/@radix-ui/primitive
583 silly ADD node_modules/sonner
584 silly ADD node_modules/next-themes
585 silly ADD node_modules/@radix-ui/react-slot
586 silly ADD node_modules/@radix-ui/react-select
587 silly ADD node_modules/@radix-ui/react-label
588 silly ADD node_modules/@radix-ui/react-dialog
589 silly ADD
590 silly ADD
591 silly ADD
592 silly ADD
593 silly ADD
594 silly ADD
595 silly ADD
596 silly ADD
597 silly ADD
598 silly ADD
599 silly ADD
600 silly ADD
601 silly ADD
602 silly ADD
603 silly ADD
604 silly ADD
605 silly ADD
606 silly ADD
607 silly ADD
608 silly ADD
609 silly ADD
610 silly ADD
611 silly ADD
612 silly ADD
613 silly ADD
614 silly ADD
615 silly ADD
616 silly ADD
617 silly ADD
618 silly ADD
619 silly ADD
620 silly ADD
621 silly ADD
622 silly ADD
623 silly ADD
624 silly ADD
625 silly ADD
626 silly ADD
627 silly ADD
628 silly ADD
629 silly ADD
630 silly ADD
631 silly ADD
632 silly ADD
633 silly ADD
634 silly ADD
635 silly ADD
636 silly ADD
637 silly ADD
638 silly ADD
639 silly ADD
640 silly ADD
641 silly ADD
642 silly ADD
643 silly ADD
644 silly ADD
645 silly ADD
646 silly ADD
647 silly ADD
648 silly ADD
649 silly ADD
650 silly ADD
651 silly ADD
652 silly ADD
653 silly ADD
654 silly ADD
655 verbose cwd /Users/saszalysokon/dania
656 verbose os Darwin 23.6.0
657 verbose node v23.5.0
658 verbose npm  v10.9.2
659 verbose exit 0
660 info ok
